OpenSTA 2.7.0  Copyright (c) 2025, Parallax Software, Inc.
License GPLv3: GNU GPL version 3 <http://gnu.org/licenses/gpl.html>

This is free software, and you are free to change and redistribute it
under certain conditions; type `show_copying' for details. 
This program comes with ABSOLUTELY NO WARRANTY; for details type `show_warranty'.
Startpoint: _24_ (rising edge-triggered flip-flop clocked by clk)
Endpoint: _31_ (rising edge-triggered flip-flop clocked by clk)
Path Group: clk
Path Type: max

     Cap     Slew    Delay     Time   Description
---------------------------------------------------------------------------
            0.000    0.000    0.000   clock clk (rise edge)
                     0.000    0.000   clock network delay (ideal)
            0.000    0.000    0.000 ^ _24_/CLK (sky130_fd_sc_hd__dfrtp_1)
   0.007    0.060    0.361    0.361 v _24_/Q (sky130_fd_sc_hd__dfrtp_1)
                                      a_r[0] (net)
            0.060    0.000    0.361 v _20_/C (sky130_fd_sc_hd__maj3_1)
   0.007    0.090    0.380    0.741 v _20_/X (sky130_fd_sc_hd__maj3_1)
                                      _12_ (net)
            0.090    0.000    0.741 v _23_/B (sky130_fd_sc_hd__maj3_1)
   0.002    0.060    0.327    1.068 v _23_/X (sky130_fd_sc_hd__maj3_1)
                                      _17_ (net)
            0.060    0.000    1.068 v _31_/D (sky130_fd_sc_hd__dfrtp_1)
                              1.068   data arrival time

            0.000    1.200    1.200   clock clk (rise edge)
                     0.000    1.200   clock network delay (ideal)
                     0.000    1.200   clock reconvergence pessimism
                              1.200 ^ _31_/CLK (sky130_fd_sc_hd__dfrtp_1)
                    -0.131    1.069   library setup time
                              1.069   data required time
---------------------------------------------------------------------------
                              1.069   data required time
                             -1.068   data arrival time
---------------------------------------------------------------------------
                              0.001   slack (MET)


worst slack max 0.00
wns max 0.00
tns max 0.00
Group                  Internal  Switching    Leakage      Total
                          Power      Power      Power      Power (Watts)
----------------------------------------------------------------
Sequential             3.01e-04   1.01e-05   9.32e-11   3.11e-04  94.7%
Combinational          1.14e-05   6.08e-06   1.69e-11   1.75e-05   5.3%
Clock                  0.00e+00   0.00e+00   0.00e+00   0.00e+00   0.0%
Macro                  0.00e+00   0.00e+00   0.00e+00   0.00e+00   0.0%
Pad                    0.00e+00   0.00e+00   0.00e+00   0.00e+00   0.0%
----------------------------------------------------------------
Total                  3.13e-04   1.62e-05   1.10e-10   3.29e-04 100.0%
                          95.1%       4.9%       0.0%
max slew

Pin                                    Limit    Slew   Slack
------------------------------------------------------------
_21_/Y                                  1.49    0.16    1.33 (MET)

max capacitance

Pin                                    Limit     Cap   Slack
------------------------------------------------------------
_21_/Y                                  0.07    0.00    0.06 (MET)

