OpenSTA 2.7.0  Copyright (c) 2025, Parallax Software, Inc.
License GPLv3: GNU GPL version 3 <http://gnu.org/licenses/gpl.html>

This is free software, and you are free to change and redistribute it
under certain conditions; type `show_copying' for details. 
This program comes with ABSOLUTELY NO WARRANTY; for details type `show_warranty'.
Startpoint: _353_ (rising edge-triggered flip-flop clocked by clk)
Endpoint: _401_ (rising edge-triggered flip-flop clocked by clk)
Path Group: clk
Path Type: max

     Cap     Slew    Delay     Time   Description
---------------------------------------------------------------------------
            0.000    0.000    0.000   clock clk (rise edge)
                     0.000    0.000   clock network delay (ideal)
            0.000    0.000    0.000 ^ _353_/CLK (sky130_fd_sc_hd__dfrtp_1)
   0.007    0.060    0.361    0.361 v _353_/Q (sky130_fd_sc_hd__dfrtp_1)
                                      a_r[0] (net)
            0.060    0.000    0.361 v _243_/C (sky130_fd_sc_hd__maj3_1)
   0.006    0.084    0.373    0.734 v _243_/X (sky130_fd_sc_hd__maj3_1)
                                      _184_ (net)
            0.084    0.000    0.734 v _247_/A1 (sky130_fd_sc_hd__a21boi_0)
   0.009    0.317    0.290    1.024 ^ _247_/Y (sky130_fd_sc_hd__a21boi_0)
                                      _187_ (net)
            0.317    0.000    1.024 ^ _259_/B2 (sky130_fd_sc_hd__o221a_2)
   0.011    0.084    0.280    1.304 ^ _259_/X (sky130_fd_sc_hd__o221a_2)
                                      _197_ (net)
            0.084    0.000    1.304 ^ _287_/C (sky130_fd_sc_hd__nor3_1)
   0.002    0.031    0.047    1.351 v _287_/Y (sky130_fd_sc_hd__nor3_1)
                                      _221_ (net)
            0.031    0.000    1.351 v _289_/B (sky130_fd_sc_hd__nor2_1)
   0.012    0.238    0.194    1.546 ^ _289_/Y (sky130_fd_sc_hd__nor2_1)
                                      _223_ (net)
            0.238    0.000    1.546 ^ _319_/A2 (sky130_fd_sc_hd__o21ai_0)
   0.009    0.132    0.174    1.719 v _319_/Y (sky130_fd_sc_hd__o21ai_0)
                                      _154_ (net)
            0.132    0.000    1.719 v _334_/A (sky130_fd_sc_hd__nand2_1)
   0.002    0.051    0.084    1.804 ^ _334_/Y (sky130_fd_sc_hd__nand2_1)
                                      _167_ (net)
            0.051    0.000    1.804 ^ _335_/A (sky130_fd_sc_hd__nand2_1)
   0.006    0.067    0.065    1.869 v _335_/Y (sky130_fd_sc_hd__nand2_1)
                                      _168_ (net)
            0.067    0.000    1.869 v _341_/A1 (sky130_fd_sc_hd__a21oi_1)
   0.005    0.140    0.150    2.020 ^ _341_/Y (sky130_fd_sc_hd__a21oi_1)
                                      _173_ (net)
            0.140    0.000    2.020 ^ _346_/B (sky130_fd_sc_hd__xor2_1)
   0.002    0.099    0.143    2.163 ^ _346_/X (sky130_fd_sc_hd__xor2_1)
                                      _230_ (net)
            0.099    0.000    2.163 ^ _401_/D (sky130_fd_sc_hd__dfrtp_1)
                              2.163   data arrival time

            0.000   16.000   16.000   clock clk (rise edge)
                     0.000   16.000   clock network delay (ideal)
                     0.000   16.000   clock reconvergence pessimism
                             16.000 ^ _401_/CLK (sky130_fd_sc_hd__dfrtp_1)
                    -0.079   15.921   library setup time
                             15.921   data required time
---------------------------------------------------------------------------
                             15.921   data required time
                             -2.163   data arrival time
---------------------------------------------------------------------------
                             13.758   slack (MET)


worst slack max 13.76
wns max 0.00
tns max 0.00
Group                  Internal  Switching    Leakage      Total
                          Power      Power      Power      Power (Watts)
----------------------------------------------------------------
Sequential             1.41e-04   3.55e-06   5.83e-10   1.45e-04  88.5%
Combinational          8.09e-06   1.07e-05   2.47e-10   1.87e-05  11.5%
Clock                  0.00e+00   0.00e+00   0.00e+00   0.00e+00   0.0%
Macro                  0.00e+00   0.00e+00   0.00e+00   0.00e+00   0.0%
Pad                    0.00e+00   0.00e+00   0.00e+00   0.00e+00   0.0%
----------------------------------------------------------------
Total                  1.49e-04   1.42e-05   8.29e-10   1.63e-04 100.0%
                          91.3%       8.7%       0.0%
max slew

Pin                                    Limit    Slew   Slack
------------------------------------------------------------
_319_/Y                                 1.48    0.32    1.17 (MET)

max capacitance

Pin                                    Limit     Cap   Slack
------------------------------------------------------------
_247_/Y                                 0.05    0.01    0.04 (MET)

