OpenSTA 2.7.0  Copyright (c) 2025, Parallax Software, Inc.
License GPLv3: GNU GPL version 3 <http://gnu.org/licenses/gpl.html>

This is free software, and you are free to change and redistribute it
under certain conditions; type `show_copying' for details. 
This program comes with ABSOLUTELY NO WARRANTY; for details type `show_warranty'.
Startpoint: _138_ (rising edge-triggered flip-flop clocked by clk)
Endpoint: _145_ (rising edge-triggered flip-flop clocked by clk)
Path Group: clk
Path Type: max

     Cap     Slew    Delay     Time   Description
---------------------------------------------------------------------------
            0.000    0.000    0.000   clock clk (rise edge)
                     0.000    0.000   clock network delay (ideal)
            0.000    0.000    0.000 ^ _138_/CLK (sky130_fd_sc_hd__dfrtp_1)
   0.014    0.136    0.371    0.371 ^ _138_/Q (sky130_fd_sc_hd__dfrtp_1)
                                      cin_r (net)
            0.136    0.000    0.371 ^ _089_/A (sky130_fd_sc_hd__inv_4)
   0.009    0.035    0.044    0.415 v _089_/Y (sky130_fd_sc_hd__inv_4)
                                      _046_ (net)
            0.035    0.000    0.415 v _090_/A1 (sky130_fd_sc_hd__o21ai_4)
   0.011    0.141    0.162    0.577 ^ _090_/Y (sky130_fd_sc_hd__o21ai_4)
                                      _047_ (net)
            0.141    0.000    0.577 ^ _108_/B1 (sky130_fd_sc_hd__o21ai_2)
   0.004    0.050    0.073    0.650 v _108_/Y (sky130_fd_sc_hd__o21ai_2)
                                      _062_ (net)
            0.050    0.000    0.650 v _110_/A1 (sky130_fd_sc_hd__a21oi_2)
   0.007    0.128    0.144    0.794 ^ _110_/Y (sky130_fd_sc_hd__a21oi_2)
                                      _064_ (net)
            0.128    0.000    0.794 ^ _112_/B (sky130_fd_sc_hd__nor2_1)
   0.006    0.063    0.074    0.868 v _112_/Y (sky130_fd_sc_hd__nor2_1)
                                      _066_ (net)
            0.063    0.000    0.868 v _125_/A3 (sky130_fd_sc_hd__o311ai_1)
   0.002    0.204    0.209    1.077 ^ _125_/Y (sky130_fd_sc_hd__o311ai_1)
                                      _083_ (net)
            0.204    0.000    1.077 ^ _145_/D (sky130_fd_sc_hd__dfrtp_1)
                              1.077   data arrival time

            0.000    1.000    1.000   clock clk (rise edge)
                     0.000    1.000   clock network delay (ideal)
                     0.000    1.000   clock reconvergence pessimism
                              1.000 ^ _145_/CLK (sky130_fd_sc_hd__dfrtp_1)
                    -0.104    0.896   library setup time
                              0.896   data required time
---------------------------------------------------------------------------
                              0.896   data required time
                             -1.077   data arrival time
---------------------------------------------------------------------------
                             -0.181   slack (VIOLATED)


worst slack max -0.18
wns max -0.18
tns max -0.59
Group                  Internal  Switching    Leakage      Total
                          Power      Power      Power      Power (Watts)
----------------------------------------------------------------
Sequential             9.03e-04   3.54e-05   2.33e-10   9.39e-04  86.8%
Combinational          6.77e-05   7.57e-05   1.06e-10   1.43e-04  13.2%
Clock                  0.00e+00   0.00e+00   0.00e+00   0.00e+00   0.0%
Macro                  0.00e+00   0.00e+00   0.00e+00   0.00e+00   0.0%
Pad                    0.00e+00   0.00e+00   0.00e+00   0.00e+00   0.0%
----------------------------------------------------------------
Total                  9.71e-04   1.11e-04   3.39e-10   1.08e-03 100.0%
                          89.7%      10.3%       0.0%
max slew

Pin                                    Limit    Slew   Slack
------------------------------------------------------------
_113_/Y                                 1.49    0.23    1.26 (MET)

max capacitance

Pin                                    Limit     Cap   Slack
------------------------------------------------------------
_125_/Y                                 0.05    0.00    0.04 (MET)

