OpenSTA 2.7.0  Copyright (c) 2025, Parallax Software, Inc.
License GPLv3: GNU GPL version 3 <http://gnu.org/licenses/gpl.html>

This is free software, and you are free to change and redistribute it
under certain conditions; type `show_copying' for details. 
This program comes with ABSOLUTELY NO WARRANTY; for details type `show_warranty'.
Startpoint: _85_ (rising edge-triggered flip-flop clocked by clk)
Endpoint: _93_ (rising edge-triggered flip-flop clocked by clk)
Path Group: clk
Path Type: max

     Cap     Slew    Delay     Time   Description
---------------------------------------------------------------------------
            0.000    0.000    0.000   clock clk (rise edge)
                     0.000    0.000   clock network delay (ideal)
            0.000    0.000    0.000 ^ _85_/CLK (sky130_fd_sc_hd__dfrtp_1)
   0.022    0.205    0.422    0.422 ^ _85_/Q (sky130_fd_sc_hd__dfrtp_1)
                                      b_r[0] (net)
            0.205    0.000    0.422 ^ _54_/A (sky130_fd_sc_hd__nor2_8)
   0.009    0.048    0.062    0.484 v _54_/Y (sky130_fd_sc_hd__nor2_8)
                                      _27_ (net)
            0.048    0.000    0.484 v _59_/A2 (sky130_fd_sc_hd__o21ai_4)
   0.012    0.142    0.145    0.629 ^ _59_/Y (sky130_fd_sc_hd__o21ai_4)
                                      _31_ (net)
            0.142    0.000    0.629 ^ _63_/A2 (sky130_fd_sc_hd__a21boi_2)
   0.009    0.066    0.088    0.717 v _63_/Y (sky130_fd_sc_hd__a21boi_2)
                                      _34_ (net)
            0.066    0.000    0.717 v _77_/A2 (sky130_fd_sc_hd__o211ai_1)
   0.002    0.139    0.154    0.871 ^ _77_/Y (sky130_fd_sc_hd__o211ai_1)
                                      _47_ (net)
            0.139    0.000    0.871 ^ _78_/B (sky130_fd_sc_hd__nand2_1)
   0.002    0.041    0.063    0.934 v _78_/Y (sky130_fd_sc_hd__nand2_1)
                                      _52_ (net)
            0.041    0.000    0.934 v _93_/D (sky130_fd_sc_hd__dfrtp_1)
                              0.934   data arrival time

            0.000    1.000    1.000   clock clk (rise edge)
                     0.000    1.000   clock network delay (ideal)
                     0.000    1.000   clock reconvergence pessimism
                              1.000 ^ _93_/CLK (sky130_fd_sc_hd__dfrtp_1)
                    -0.123    0.877   library setup time
                              0.877   data required time
---------------------------------------------------------------------------
                              0.877   data required time
                             -0.934   data arrival time
---------------------------------------------------------------------------
                             -0.057   slack (VIOLATED)


worst slack max -0.06
wns max -0.06
tns max -0.12
Group                  Internal  Switching    Leakage      Total
                          Power      Power      Power      Power (Watts)
----------------------------------------------------------------
Sequential             6.32e-04   4.47e-05   1.63e-10   6.76e-04  86.7%
Combinational          5.70e-05   4.67e-05   8.64e-11   1.04e-04  13.3%
Clock                  0.00e+00   0.00e+00   0.00e+00   0.00e+00   0.0%
Macro                  0.00e+00   0.00e+00   0.00e+00   0.00e+00   0.0%
Pad                    0.00e+00   0.00e+00   0.00e+00   0.00e+00   0.0%
----------------------------------------------------------------
Total                  6.89e-04   9.14e-05   2.50e-10   7.80e-04 100.0%
                          88.3%      11.7%       0.0%
max slew

Pin                                    Limit    Slew   Slack
------------------------------------------------------------
_80_/Y                                  1.48    0.23    1.25 (MET)

max capacitance

Pin                                    Limit     Cap   Slack
------------------------------------------------------------
_80_/Y                                  0.03    0.00    0.03 (MET)

