OpenSTA 2.7.0  Copyright (c) 2025, Parallax Software, Inc.
License GPLv3: GNU GPL version 3 <http://gnu.org/licenses/gpl.html>

This is free software, and you are free to change and redistribute it
under certain conditions; type `show_copying' for details. 
This program comes with ABSOLUTELY NO WARRANTY; for details type `show_warranty'.
Startpoint: _812_ (rising edge-triggered flip-flop clocked by clk)
Endpoint: _844_ (rising edge-triggered flip-flop clocked by clk)
Path Group: clk
Path Type: max

     Cap     Slew    Delay     Time   Description
---------------------------------------------------------------------------
            0.000    0.000    0.000   clock clk (rise edge)
                     0.000    0.000   clock network delay (ideal)
            0.000    0.000    0.000 ^ _812_/CLK (sky130_fd_sc_hd__dfrtp_1)
   0.007    0.060    0.361    0.361 v _812_/Q (sky130_fd_sc_hd__dfrtp_1)
                                      cin_r (net)
            0.060    0.000    0.361 v _516_/C (sky130_fd_sc_hd__maj3_1)
   0.007    0.090    0.380    0.741 v _516_/X (sky130_fd_sc_hd__maj3_1)
                                      _071_ (net)
            0.090    0.000    0.741 v _517_/B (sky130_fd_sc_hd__maj3_1)
   0.008    0.095    0.376    1.117 v _517_/X (sky130_fd_sc_hd__maj3_1)
                                      _072_ (net)
            0.095    0.000    1.117 v _522_/A (sky130_fd_sc_hd__and3_1)
   0.002    0.035    0.157    1.273 v _522_/X (sky130_fd_sc_hd__and3_1)
                                      _077_ (net)
            0.035    0.000    1.273 v _524_/B (sky130_fd_sc_hd__nor2_1)
   0.010    0.194    0.163    1.437 ^ _524_/Y (sky130_fd_sc_hd__nor2_1)
                                      _079_ (net)
            0.194    0.000    1.437 ^ _525_/A (sky130_fd_sc_hd__clkinv_1)
   0.005    0.071    0.104    1.541 v _525_/Y (sky130_fd_sc_hd__clkinv_1)
                                      _080_ (net)
            0.071    0.000    1.541 v _544_/A (sky130_fd_sc_hd__nand2_1)
   0.002    0.041    0.061    1.603 ^ _544_/Y (sky130_fd_sc_hd__nand2_1)
                                      _099_ (net)
            0.041    0.000    1.603 ^ _547_/A (sky130_fd_sc_hd__nand2_1)
   0.012    0.090    0.088    1.691 v _547_/Y (sky130_fd_sc_hd__nand2_1)
                                      _102_ (net)
            0.090    0.000    1.691 v _548_/A (sky130_fd_sc_hd__clkinv_1)
   0.004    0.042    0.065    1.756 ^ _548_/Y (sky130_fd_sc_hd__clkinv_1)
                                      _103_ (net)
            0.042    0.000    1.756 ^ _586_/B (sky130_fd_sc_hd__nor2_1)
   0.002    0.023    0.032    1.788 v _586_/Y (sky130_fd_sc_hd__nor2_1)
                                      _141_ (net)
            0.023    0.000    1.788 v _597_/B (sky130_fd_sc_hd__nor2_1)
   0.015    0.278    0.221    2.009 ^ _597_/Y (sky130_fd_sc_hd__nor2_1)
                                      _152_ (net)
            0.278    0.000    2.009 ^ _643_/A2 (sky130_fd_sc_hd__o21a_1)
   0.011    0.120    0.206    2.215 ^ _643_/X (sky130_fd_sc_hd__o21a_1)
                                      _198_ (net)
            0.120    0.000    2.215 ^ _657_/C (sky130_fd_sc_hd__nor3_1)
   0.002    0.038    0.055    2.270 v _657_/Y (sky130_fd_sc_hd__nor3_1)
                                      _211_ (net)
            0.038    0.000    2.270 v _659_/B (sky130_fd_sc_hd__nor2_1)
   0.009    0.179    0.153    2.423 ^ _659_/Y (sky130_fd_sc_hd__nor2_1)
                                      _213_ (net)
            0.179    0.000    2.423 ^ _675_/A2 (sky130_fd_sc_hd__o21ai_0)
   0.006    0.107    0.137    2.560 v _675_/Y (sky130_fd_sc_hd__o21ai_0)
                                      _227_ (net)
            0.107    0.000    2.560 v _680_/A1 (sky130_fd_sc_hd__a21oi_1)
   0.005    0.143    0.169    2.728 ^ _680_/Y (sky130_fd_sc_hd__a21oi_1)
                                      _231_ (net)
            0.143    0.000    2.728 ^ _685_/B (sky130_fd_sc_hd__xnor2_1)
   0.002    0.102    0.124    2.852 ^ _685_/Y (sky130_fd_sc_hd__xnor2_1)
                                      _295_ (net)
            0.102    0.000    2.852 ^ _844_/D (sky130_fd_sc_hd__dfrtp_1)
                              2.852   data arrival time

            0.000    4.000    4.000   clock clk (rise edge)
                     0.000    4.000   clock network delay (ideal)
                     0.000    4.000   clock reconvergence pessimism
                              4.000 ^ _844_/CLK (sky130_fd_sc_hd__dfrtp_1)
                    -0.080    3.920   library setup time
                              3.920   data required time
---------------------------------------------------------------------------
                              3.920   data required time
                             -2.852   data arrival time
---------------------------------------------------------------------------
                              1.068   slack (MET)


worst slack max 1.07
wns max 0.00
tns max 0.00
Group                  Internal  Switching    Leakage      Total
                          Power      Power      Power      Power (Watts)
----------------------------------------------------------------
Sequential             1.11e-03   2.77e-05   1.14e-09   1.13e-03  87.6%
Combinational          7.05e-05   9.04e-05   4.96e-10   1.61e-04  12.4%
Clock                  0.00e+00   0.00e+00   0.00e+00   0.00e+00   0.0%
Macro                  0.00e+00   0.00e+00   0.00e+00   0.00e+00   0.0%
Pad                    0.00e+00   0.00e+00   0.00e+00   0.00e+00   0.0%
----------------------------------------------------------------
Total                  1.18e-03   1.18e-04   1.64e-09   1.30e-03 100.0%
                          90.9%       9.1%       0.0%
max slew

Pin                                    Limit    Slew   Slack
------------------------------------------------------------
_642_/Y                                 1.46    0.47    0.99 (MET)

max capacitance

Pin                                    Limit     Cap   Slack
------------------------------------------------------------
_642_/Y                                 0.02    0.00    0.02 (MET)

