OpenSTA 2.7.0  Copyright (c) 2025, Parallax Software, Inc.
License GPLv3: GNU GPL version 3 <http://gnu.org/licenses/gpl.html>

This is free software, and you are free to change and redistribute it
under certain conditions; type `show_copying' for details. 
This program comes with ABSOLUTELY NO WARRANTY; for details type `show_warranty'.
Startpoint: _391_ (rising edge-triggered flip-flop clocked by clk)
Endpoint: _422_ (rising edge-triggered flip-flop clocked by clk)
Path Group: clk
Path Type: max

     Cap     Slew    Delay     Time   Description
---------------------------------------------------------------------------
            0.000    0.000    0.000   clock clk (rise edge)
                     0.000    0.000   clock network delay (ideal)
            0.000    0.000    0.000 ^ _391_/CLK (sky130_fd_sc_hd__dfrtp_1)
   0.024    0.132    0.434    0.434 v _391_/Q (sky130_fd_sc_hd__dfrtp_1)
                                      b_r[0] (net)
            0.132    0.000    0.434 v _252_/A (sky130_fd_sc_hd__nor2_8)
   0.012    0.087    0.145    0.579 ^ _252_/Y (sky130_fd_sc_hd__nor2_8)
                                      _194_ (net)
            0.087    0.000    0.579 ^ _258_/A2 (sky130_fd_sc_hd__o21ai_4)
   0.015    0.054    0.071    0.649 v _258_/Y (sky130_fd_sc_hd__o21ai_4)
                                      _199_ (net)
            0.054    0.000    0.649 v _262_/A2 (sky130_fd_sc_hd__a21boi_4)
   0.015    0.163    0.194    0.843 ^ _262_/Y (sky130_fd_sc_hd__a21boi_4)
                                      _202_ (net)
            0.163    0.000    0.843 ^ _275_/A2 (sky130_fd_sc_hd__o21bai_4)
   0.017    0.073    0.094    0.937 v _275_/Y (sky130_fd_sc_hd__o21bai_4)
                                      _213_ (net)
            0.073    0.000    0.937 v _303_/A1 (sky130_fd_sc_hd__a21boi_4)
   0.022    0.205    0.214    1.150 ^ _303_/Y (sky130_fd_sc_hd__a21boi_4)
                                      _131_ (net)
            0.205    0.000    1.150 ^ _332_/A2 (sky130_fd_sc_hd__o21bai_4)
   0.017    0.073    0.099    1.249 v _332_/Y (sky130_fd_sc_hd__o21bai_4)
                                      _156_ (net)
            0.073    0.000    1.249 v _348_/A1 (sky130_fd_sc_hd__a21oi_4)
   0.009    0.122    0.143    1.392 ^ _348_/Y (sky130_fd_sc_hd__a21oi_4)
                                      _170_ (net)
            0.122    0.000    1.392 ^ _354_/B (sky130_fd_sc_hd__xor2_1)
   0.002    0.099    0.141    1.533 ^ _354_/X (sky130_fd_sc_hd__xor2_1)
                                      _240_ (net)
            0.099    0.000    1.533 ^ _422_/D (sky130_fd_sc_hd__dfrtp_1)
                              1.533   data arrival time

            0.000    1.000    1.000   clock clk (rise edge)
                     0.000    1.000   clock network delay (ideal)
                     0.000    1.000   clock reconvergence pessimism
                              1.000 ^ _422_/CLK (sky130_fd_sc_hd__dfrtp_1)
                    -0.079    0.921   library setup time
                              0.921   data required time
---------------------------------------------------------------------------
                              0.921   data required time
                             -1.533   data arrival time
---------------------------------------------------------------------------
                             -0.612   slack (VIOLATED)


worst slack max -0.61
wns max -0.61
tns max -6.50
Group                  Internal  Switching    Leakage      Total
                          Power      Power      Power      Power (Watts)
----------------------------------------------------------------
Sequential             2.26e-03   8.42e-05   5.83e-10   2.34e-03  83.3%
Combinational          2.20e-04   2.51e-04   3.29e-10   4.71e-04  16.7%
Clock                  0.00e+00   0.00e+00   0.00e+00   0.00e+00   0.0%
Macro                  0.00e+00   0.00e+00   0.00e+00   0.00e+00   0.0%
Pad                    0.00e+00   0.00e+00   0.00e+00   0.00e+00   0.0%
----------------------------------------------------------------
Total                  2.48e-03   3.35e-04   9.12e-10   2.81e-03 100.0%
                          88.1%      11.9%       0.0%
max slew

Pin                                    Limit    Slew   Slack
------------------------------------------------------------
_370_/Y                                 1.49    0.27    1.22 (MET)

max capacitance

Pin                                    Limit     Cap   Slack
------------------------------------------------------------
_374_/Y                                 0.03    0.00    0.03 (MET)

