OpenSTA 2.7.0  Copyright (c) 2025, Parallax Software, Inc.
License GPLv3: GNU GPL version 3 <http://gnu.org/licenses/gpl.html>

This is free software, and you are free to change and redistribute it
under certain conditions; type `show_copying' for details. 
This program comes with ABSOLUTELY NO WARRANTY; for details type `show_warranty'.
Startpoint: _75_ (rising edge-triggered flip-flop clocked by clk)
Endpoint: _83_ (rising edge-triggered flip-flop clocked by clk)
Path Group: clk
Path Type: max

     Cap     Slew    Delay     Time   Description
---------------------------------------------------------------------------
            0.000    0.000    0.000   clock clk (rise edge)
                     0.000    0.000   clock network delay (ideal)
            0.000    0.000    0.000 ^ _75_/CLK (sky130_fd_sc_hd__dfrtp_1)
   0.005    0.049    0.347    0.347 v _75_/Q (sky130_fd_sc_hd__dfrtp_1)
                                      b_r[0] (net)
            0.049    0.000    0.347 v _49_/A (sky130_fd_sc_hd__nor2_1)
   0.005    0.116    0.126    0.473 ^ _49_/Y (sky130_fd_sc_hd__nor2_1)
                                      _27_ (net)
            0.116    0.000    0.473 ^ _54_/A2 (sky130_fd_sc_hd__o21ai_1)
   0.009    0.087    0.104    0.577 v _54_/Y (sky130_fd_sc_hd__o21ai_1)
                                      _31_ (net)
            0.087    0.000    0.577 v _58_/A2 (sky130_fd_sc_hd__a21boi_2)
   0.011    0.170    0.205    0.782 ^ _58_/Y (sky130_fd_sc_hd__a21boi_2)
                                      _34_ (net)
            0.170    0.000    0.782 ^ _62_/A2 (sky130_fd_sc_hd__o21ai_0)
   0.002    0.069    0.084    0.866 v _62_/Y (sky130_fd_sc_hd__o21ai_0)
                                      _37_ (net)
            0.069    0.000    0.866 v _65_/B1 (sky130_fd_sc_hd__o21ai_0)
   0.002    0.124    0.074    0.941 ^ _65_/Y (sky130_fd_sc_hd__o21ai_0)
                                      _40_ (net)
            0.124    0.000    0.941 ^ _68_/A (sky130_fd_sc_hd__nand2_1)
   0.002    0.041    0.057    0.998 v _68_/Y (sky130_fd_sc_hd__nand2_1)
                                      _47_ (net)
            0.041    0.000    0.998 v _83_/D (sky130_fd_sc_hd__dfrtp_1)
                              0.998   data arrival time

            0.000    1.200    1.200   clock clk (rise edge)
                     0.000    1.200   clock network delay (ideal)
                     0.000    1.200   clock reconvergence pessimism
                              1.200 ^ _83_/CLK (sky130_fd_sc_hd__dfrtp_1)
                    -0.123    1.077   library setup time
                              1.077   data required time
---------------------------------------------------------------------------
                              1.077   data required time
                             -0.998   data arrival time
---------------------------------------------------------------------------
                              0.079   slack (MET)


worst slack max 0.08
wns max 0.00
tns max 0.00
Group                  Internal  Switching    Leakage      Total
                          Power      Power      Power      Power (Watts)
----------------------------------------------------------------
Sequential             5.27e-04   1.59e-05   1.63e-10   5.43e-04  91.0%
Combinational          2.58e-05   2.77e-05   4.94e-11   5.34e-05   9.0%
Clock                  0.00e+00   0.00e+00   0.00e+00   0.00e+00   0.0%
Macro                  0.00e+00   0.00e+00   0.00e+00   0.00e+00   0.0%
Pad                    0.00e+00   0.00e+00   0.00e+00   0.00e+00   0.0%
----------------------------------------------------------------
Total                  5.53e-04   4.35e-05   2.13e-10   5.96e-04 100.0%
                          92.7%       7.3%       0.0%
max slew

Pin                                    Limit    Slew   Slack
------------------------------------------------------------
_59_/Y                                  1.49    0.29    1.20 (MET)

max capacitance

Pin                                    Limit     Cap   Slack
------------------------------------------------------------
_70_/Y                                  0.03    0.00    0.03 (MET)

