OpenSTA 2.7.0  Copyright (c) 2025, Parallax Software, Inc.
License GPLv3: GNU GPL version 3 <http://gnu.org/licenses/gpl.html>

This is free software, and you are free to change and redistribute it
under certain conditions; type `show_copying' for details. 
This program comes with ABSOLUTELY NO WARRANTY; for details type `show_warranty'.
Startpoint: _34_ (rising edge-triggered flip-flop clocked by clk)
Endpoint: _39_ (rising edge-triggered flip-flop clocked by clk)
Path Group: clk
Path Type: max

     Cap     Slew    Delay     Time   Description
---------------------------------------------------------------------------
            0.000    0.000    0.000   clock clk (rise edge)
                     0.000    0.000   clock network delay (ideal)
            0.000    0.000    0.000 ^ _34_/CLK (sky130_fd_sc_hd__dfrtp_1)
   0.011    0.075    0.378    0.378 v _34_/Q (sky130_fd_sc_hd__dfrtp_1)
                                      b_r[0] (net)
            0.075    0.000    0.378 v _22_/A (sky130_fd_sc_hd__nor2_4)
   0.005    0.068    0.109    0.486 ^ _22_/Y (sky130_fd_sc_hd__nor2_4)
                                      _18_ (net)
            0.068    0.000    0.486 ^ _28_/A2 (sky130_fd_sc_hd__o21ai_1)
   0.007    0.073    0.079    0.566 v _28_/Y (sky130_fd_sc_hd__o21ai_1)
                                      _16_ (net)
            0.073    0.000    0.566 v _31_/B (sky130_fd_sc_hd__maj3_1)
   0.002    0.060    0.322    0.888 v _31_/X (sky130_fd_sc_hd__maj3_1)
                                      _21_ (net)
            0.060    0.000    0.888 v _39_/D (sky130_fd_sc_hd__dfrtp_1)
                              0.888   data arrival time

            0.000    1.000    1.000   clock clk (rise edge)
                     0.000    1.000   clock network delay (ideal)
                     0.000    1.000   clock reconvergence pessimism
                              1.000 ^ _39_/CLK (sky130_fd_sc_hd__dfrtp_1)
                    -0.131    0.869   library setup time
                              0.869   data required time
---------------------------------------------------------------------------
                              0.869   data required time
                             -0.888   data arrival time
---------------------------------------------------------------------------
                             -0.019   slack (VIOLATED)


worst slack max -0.02
wns max -0.02
tns max -0.02
Group                  Internal  Switching    Leakage      Total
                          Power      Power      Power      Power (Watts)
----------------------------------------------------------------
Sequential             3.61e-04   1.50e-05   9.32e-11   3.76e-04  92.9%
Combinational          1.66e-05   1.22e-05   2.15e-11   2.89e-05   7.1%
Clock                  0.00e+00   0.00e+00   0.00e+00   0.00e+00   0.0%
Macro                  0.00e+00   0.00e+00   0.00e+00   0.00e+00   0.0%
Pad                    0.00e+00   0.00e+00   0.00e+00   0.00e+00   0.0%
----------------------------------------------------------------
Total                  3.78e-04   2.73e-05   1.15e-10   4.05e-04 100.0%
                          93.3%       6.7%       0.0%
max slew

Pin                                    Limit    Slew   Slack
------------------------------------------------------------
_28_/Y                                  1.49    0.18    1.31 (MET)

max capacitance

Pin                                    Limit     Cap   Slack
------------------------------------------------------------
_29_/Y                                  0.07    0.00    0.06 (MET)

