OpenSTA 2.7.0  Copyright (c) 2025, Parallax Software, Inc.
License GPLv3: GNU GPL version 3 <http://gnu.org/licenses/gpl.html>

This is free software, and you are free to change and redistribute it
under certain conditions; type `show_copying' for details. 
This program comes with ABSOLUTELY NO WARRANTY; for details type `show_warranty'.
Startpoint: _798_ (rising edge-triggered flip-flop clocked by clk)
Endpoint: _862_ (rising edge-triggered flip-flop clocked by clk)
Path Group: clk
Path Type: max

     Cap     Slew    Delay     Time   Description
---------------------------------------------------------------------------
            0.000    0.000    0.000   clock clk (rise edge)
                     0.000    0.000   clock network delay (ideal)
            0.000    0.000    0.000 ^ _798_/CLK (sky130_fd_sc_hd__dfrtp_1)
   0.035    0.312    0.499    0.499 ^ _798_/Q (sky130_fd_sc_hd__dfrtp_1)
                                      b_r[0] (net)
            0.312    0.000    0.499 ^ _530_/A (sky130_fd_sc_hd__nor2_8)
   0.010    0.062    0.070    0.569 v _530_/Y (sky130_fd_sc_hd__nor2_8)
                                      _076_ (net)
            0.062    0.000    0.569 v _531_/A2 (sky130_fd_sc_hd__o21ai_4)
   0.016    0.170    0.171    0.740 ^ _531_/Y (sky130_fd_sc_hd__o21ai_4)
                                      _077_ (net)
            0.170    0.000    0.740 ^ _533_/A2 (sky130_fd_sc_hd__a21boi_4)
   0.014    0.066    0.090    0.830 v _533_/Y (sky130_fd_sc_hd__a21boi_4)
                                      _079_ (net)
            0.066    0.000    0.830 v _541_/A2 (sky130_fd_sc_hd__o21bai_4)
   0.018    0.172    0.170    1.000 ^ _541_/Y (sky130_fd_sc_hd__o21bai_4)
                                      _087_ (net)
            0.172    0.000    1.000 ^ _562_/A1 (sky130_fd_sc_hd__a21boi_4)
   0.018    0.075    0.096    1.096 v _562_/Y (sky130_fd_sc_hd__a21boi_4)
                                      _108_ (net)
            0.075    0.000    1.096 v _602_/A2 (sky130_fd_sc_hd__o21ai_4)
   0.024    0.218    0.211    1.308 ^ _602_/Y (sky130_fd_sc_hd__o21ai_4)
                                      _148_ (net)
            0.218    0.000    1.308 ^ _645_/A1 (sky130_fd_sc_hd__a21boi_4)
   0.018    0.084    0.106    1.413 v _645_/Y (sky130_fd_sc_hd__a21boi_4)
                                      _191_ (net)
            0.084    0.000    1.413 v _662_/A2 (sky130_fd_sc_hd__o21bai_4)
   0.018    0.171    0.176    1.589 ^ _662_/Y (sky130_fd_sc_hd__o21bai_4)
                                      _207_ (net)
            0.171    0.000    1.589 ^ _676_/A1 (sky130_fd_sc_hd__a21boi_4)
   0.008    0.059    0.077    1.666 v _676_/Y (sky130_fd_sc_hd__a21boi_4)
                                      _219_ (net)
            0.059    0.000    1.666 v _689_/A2 (sky130_fd_sc_hd__o211ai_2)
   0.002    0.108    0.126    1.792 ^ _689_/Y (sky130_fd_sc_hd__o211ai_2)
                                      _231_ (net)
            0.108    0.000    1.792 ^ _703_/B (sky130_fd_sc_hd__nand2_1)
   0.002    0.041    0.058    1.850 v _703_/Y (sky130_fd_sc_hd__nand2_1)
                                      _304_ (net)
            0.041    0.000    1.850 v _862_/D (sky130_fd_sc_hd__dfrtp_1)
                              1.850   data arrival time

            0.000    1.000    1.000   clock clk (rise edge)
                     0.000    1.000   clock network delay (ideal)
                     0.000    1.000   clock reconvergence pessimism
                              1.000 ^ _862_/CLK (sky130_fd_sc_hd__dfrtp_1)
                    -0.123    0.877   library setup time
                              0.877   data required time
---------------------------------------------------------------------------
                              0.877   data required time
                             -1.850   data arrival time
---------------------------------------------------------------------------
                             -0.972   slack (VIOLATED)


worst slack max -0.97
wns max -0.97
tns max -21.29
Group                  Internal  Switching    Leakage      Total
                          Power      Power      Power      Power (Watts)
----------------------------------------------------------------
Sequential             4.43e-03   1.86e-04   1.14e-09   4.61e-03  82.4%
Combinational          4.69e-04   5.19e-04   6.97e-10   9.87e-04  17.6%
Clock                  0.00e+00   0.00e+00   0.00e+00   0.00e+00   0.0%
Macro                  0.00e+00   0.00e+00   0.00e+00   0.00e+00   0.0%
Pad                    0.00e+00   0.00e+00   0.00e+00   0.00e+00   0.0%
----------------------------------------------------------------
Total                  4.89e-03   7.04e-04   1.84e-09   5.60e-03 100.0%
                          87.4%      12.6%       0.0%
max slew

Pin                                    Limit    Slew   Slack
------------------------------------------------------------
_560_/Y                                 1.48    0.31    1.17 (MET)

max capacitance

Pin                                    Limit     Cap   Slack
------------------------------------------------------------
_560_/Y                                 0.05    0.01    0.04 (MET)

