
==========================================================================
detailed place report_tns
--------------------------------------------------------------------------
tns max 0.00

==========================================================================
detailed place report_wns
--------------------------------------------------------------------------
wns max 0.00

==========================================================================
detailed place report_worst_slack
--------------------------------------------------------------------------
worst slack max 0.50

==========================================================================
detailed place report_clock_min_period
--------------------------------------------------------------------------
core_clock period_min = 1.50 fmax = 668.44

==========================================================================
detailed place report_checks -path_delay min
--------------------------------------------------------------------------
Startpoint: b_d[1][45]$_SDFF_PP0_
            (rising edge-triggered flip-flop clocked by core_clock)
Endpoint: b_d[2][45]$_SDFF_PP0_
          (rising edge-triggered flip-flop clocked by core_clock)
Path Group: core_clock
Path Type: min

Fanout     Cap    Slew   Delay    Time   Description
-----------------------------------------------------------------------------
                  0.00    0.00    0.00   clock core_clock (rise edge)
                          0.00    0.00   clock network delay (ideal)
                  0.00    0.00    0.00 ^ b_d[1][45]$_SDFF_PP0_/CLK (sky130_fd_sc_hd__dfxtp_1)
     1    0.00    0.03    0.28    0.28 ^ b_d[1][45]$_SDFF_PP0_/Q (sky130_fd_sc_hd__dfxtp_1)
                                         b_d[1][45] (net)
                  0.03    0.00    0.28 ^ _3203_/B (sky130_fd_sc_hd__and2b_1)
     1    0.00    0.04    0.10    0.38 ^ _3203_/X (sky130_fd_sc_hd__and2b_1)
                                         _0753_ (net)
                  0.04    0.00    0.38 ^ b_d[2][45]$_SDFF_PP0_/D (sky130_fd_sc_hd__dfxtp_1)
                                  0.38   data arrival time

                  0.00    0.00    0.00   clock core_clock (rise edge)
                          0.00    0.00   clock network delay (ideal)
                          0.00    0.00   clock reconvergence pessimism
                                  0.00 ^ b_d[2][45]$_SDFF_PP0_/CLK (sky130_fd_sc_hd__dfxtp_1)
                         -0.04   -0.04   library hold time
                                 -0.04   data required time
-----------------------------------------------------------------------------
                                 -0.04   data required time
                                 -0.38   data arrival time
-----------------------------------------------------------------------------
                                  0.42   slack (MET)



==========================================================================
detailed place report_checks -path_delay max
--------------------------------------------------------------------------
Startpoint: carry[2]$_SDFF_PP0_
            (rising edge-triggered flip-flop clocked by core_clock)
Endpoint: sum_chunk[3][3]$_SDFF_PP0_
          (rising edge-triggered flip-flop clocked by core_clock)
Path Group: core_clock
Path Type: max

Fanout     Cap    Slew   Delay    Time   Description
-----------------------------------------------------------------------------
                  0.00    0.00    0.00   clock core_clock (rise edge)
                          0.00    0.00   clock network delay (ideal)
                  0.00    0.00    0.00 ^ carry[2]$_SDFF_PP0_/CLK (sky130_fd_sc_hd__dfxtp_1)
     2    0.01    0.05    0.30    0.30 v carry[2]$_SDFF_PP0_/Q (sky130_fd_sc_hd__dfxtp_1)
                                         carry[2][0] (net)
                  0.05    0.00    0.30 v _3661_/C (sky130_fd_sc_hd__maj3_2)
     6    0.02    0.09    0.36    0.66 v _3661_/X (sky130_fd_sc_hd__maj3_2)
                                         _1916_ (net)
                  0.09    0.00    0.66 v _4570_/B (sky130_fd_sc_hd__and4_1)
     1    0.00    0.04    0.19    0.85 v _4570_/X (sky130_fd_sc_hd__and4_1)
                                         _2233_ (net)
                  0.04    0.00    0.85 v _4575_/B1 (sky130_fd_sc_hd__a2111oi_1)
     1    0.00    0.34    0.37    1.22 ^ _4575_/Y (sky130_fd_sc_hd__a2111oi_1)
                                         _2238_ (net)
                  0.34    0.00    1.22 ^ _4579_/A (sky130_fd_sc_hd__nand3_1)
     1    0.00    0.11    0.13    1.35 v _4579_/Y (sky130_fd_sc_hd__nand3_1)
                                         _1689_ (net)
                  0.11    0.00    1.35 v sum_chunk[3][3]$_SDFF_PP0_/D (sky130_fd_sc_hd__dfxtp_1)
                                  1.35   data arrival time

                  0.00    2.00    2.00   clock core_clock (rise edge)
                          0.00    2.00   clock network delay (ideal)
                          0.00    2.00   clock reconvergence pessimism
                                  2.00 ^ sum_chunk[3][3]$_SDFF_PP0_/CLK (sky130_fd_sc_hd__dfxtp_1)
                         -0.15    1.85   library setup time
                                  1.85   data required time
-----------------------------------------------------------------------------
                                  1.85   data required time
                                 -1.35   data arrival time
-----------------------------------------------------------------------------
                                  0.50   slack (MET)



==========================================================================
detailed place report_checks -unconstrained
--------------------------------------------------------------------------
Startpoint: carry[2]$_SDFF_PP0_
            (rising edge-triggered flip-flop clocked by core_clock)
Endpoint: sum_chunk[3][3]$_SDFF_PP0_
          (rising edge-triggered flip-flop clocked by core_clock)
Path Group: core_clock
Path Type: max

Fanout     Cap    Slew   Delay    Time   Description
-----------------------------------------------------------------------------
                  0.00    0.00    0.00   clock core_clock (rise edge)
                          0.00    0.00   clock network delay (ideal)
                  0.00    0.00    0.00 ^ carry[2]$_SDFF_PP0_/CLK (sky130_fd_sc_hd__dfxtp_1)
     2    0.01    0.05    0.30    0.30 v carry[2]$_SDFF_PP0_/Q (sky130_fd_sc_hd__dfxtp_1)
                                         carry[2][0] (net)
                  0.05    0.00    0.30 v _3661_/C (sky130_fd_sc_hd__maj3_2)
     6    0.02    0.09    0.36    0.66 v _3661_/X (sky130_fd_sc_hd__maj3_2)
                                         _1916_ (net)
                  0.09    0.00    0.66 v _4570_/B (sky130_fd_sc_hd__and4_1)
     1    0.00    0.04    0.19    0.85 v _4570_/X (sky130_fd_sc_hd__and4_1)
                                         _2233_ (net)
                  0.04    0.00    0.85 v _4575_/B1 (sky130_fd_sc_hd__a2111oi_1)
     1    0.00    0.34    0.37    1.22 ^ _4575_/Y (sky130_fd_sc_hd__a2111oi_1)
                                         _2238_ (net)
                  0.34    0.00    1.22 ^ _4579_/A (sky130_fd_sc_hd__nand3_1)
     1    0.00    0.11    0.13    1.35 v _4579_/Y (sky130_fd_sc_hd__nand3_1)
                                         _1689_ (net)
                  0.11    0.00    1.35 v sum_chunk[3][3]$_SDFF_PP0_/D (sky130_fd_sc_hd__dfxtp_1)
                                  1.35   data arrival time

                  0.00    2.00    2.00   clock core_clock (rise edge)
                          0.00    2.00   clock network delay (ideal)
                          0.00    2.00   clock reconvergence pessimism
                                  2.00 ^ sum_chunk[3][3]$_SDFF_PP0_/CLK (sky130_fd_sc_hd__dfxtp_1)
                         -0.15    1.85   library setup time
                                  1.85   data required time
-----------------------------------------------------------------------------
                                  1.85   data required time
                                 -1.35   data arrival time
-----------------------------------------------------------------------------
                                  0.50   slack (MET)



==========================================================================
detailed place report_check_types -max_slew -max_cap -max_fanout -violators
--------------------------------------------------------------------------

==========================================================================
detailed place max_slew_check_slack
--------------------------------------------------------------------------
0.5911478996276855

==========================================================================
detailed place max_slew_check_limit
--------------------------------------------------------------------------
1.5

==========================================================================
detailed place max_slew_check_slack_limit
--------------------------------------------------------------------------
0.3941

==========================================================================
detailed place max_fanout_check_slack
--------------------------------------------------------------------------
1.0000000150474662e+30

==========================================================================
detailed place max_fanout_check_limit
--------------------------------------------------------------------------
1.0000000150474662e+30

==========================================================================
detailed place max_capacitance_check_slack
--------------------------------------------------------------------------
0.02745022624731064

==========================================================================
detailed place max_capacitance_check_limit
--------------------------------------------------------------------------
0.052195001393556595

==========================================================================
detailed place max_capacitance_check_slack_limit
--------------------------------------------------------------------------
0.5259

==========================================================================
detailed place max_slew_violation_count
--------------------------------------------------------------------------
max slew violation count 0

==========================================================================
detailed place max_fanout_violation_count
--------------------------------------------------------------------------
max fanout violation count 0

==========================================================================
detailed place max_cap_violation_count
--------------------------------------------------------------------------
max cap violation count 0

==========================================================================
detailed place setup_violation_count
--------------------------------------------------------------------------
setup violation count 0

==========================================================================
detailed place hold_violation_count
--------------------------------------------------------------------------
hold violation count 0

==========================================================================
detailed place report_checks -path_delay max reg to reg
--------------------------------------------------------------------------
Startpoint: carry[2]$_SDFF_PP0_
            (rising edge-triggered flip-flop clocked by core_clock)
Endpoint: sum_chunk[3][3]$_SDFF_PP0_
          (rising edge-triggered flip-flop clocked by core_clock)
Path Group: core_clock
Path Type: max

  Delay    Time   Description
---------------------------------------------------------
   0.00    0.00   clock core_clock (rise edge)
   0.00    0.00   clock network delay (ideal)
   0.00    0.00 ^ carry[2]$_SDFF_PP0_/CLK (sky130_fd_sc_hd__dfxtp_1)
   0.30    0.30 v carry[2]$_SDFF_PP0_/Q (sky130_fd_sc_hd__dfxtp_1)
   0.36    0.66 v _3661_/X (sky130_fd_sc_hd__maj3_2)
   0.19    0.85 v _4570_/X (sky130_fd_sc_hd__and4_1)
   0.37    1.22 ^ _4575_/Y (sky130_fd_sc_hd__a2111oi_1)
   0.13    1.35 v _4579_/Y (sky130_fd_sc_hd__nand3_1)
   0.00    1.35 v sum_chunk[3][3]$_SDFF_PP0_/D (sky130_fd_sc_hd__dfxtp_1)
           1.35   data arrival time

   2.00    2.00   clock core_clock (rise edge)
   0.00    2.00   clock network delay (ideal)
   0.00    2.00   clock reconvergence pessimism
           2.00 ^ sum_chunk[3][3]$_SDFF_PP0_/CLK (sky130_fd_sc_hd__dfxtp_1)
  -0.15    1.85   library setup time
           1.85   data required time
---------------------------------------------------------
           1.85   data required time
          -1.35   data arrival time
---------------------------------------------------------
           0.50   slack (MET)



==========================================================================
detailed place report_checks -path_delay min reg to reg
--------------------------------------------------------------------------
Startpoint: b_d[1][45]$_SDFF_PP0_
            (rising edge-triggered flip-flop clocked by core_clock)
Endpoint: b_d[2][45]$_SDFF_PP0_
          (rising edge-triggered flip-flop clocked by core_clock)
Path Group: core_clock
Path Type: min

  Delay    Time   Description
---------------------------------------------------------
   0.00    0.00   clock core_clock (rise edge)
   0.00    0.00   clock network delay (ideal)
   0.00    0.00 ^ b_d[1][45]$_SDFF_PP0_/CLK (sky130_fd_sc_hd__dfxtp_1)
   0.28    0.28 ^ b_d[1][45]$_SDFF_PP0_/Q (sky130_fd_sc_hd__dfxtp_1)
   0.10    0.38 ^ _3203_/X (sky130_fd_sc_hd__and2b_1)
   0.00    0.38 ^ b_d[2][45]$_SDFF_PP0_/D (sky130_fd_sc_hd__dfxtp_1)
           0.38   data arrival time

   0.00    0.00   clock core_clock (rise edge)
   0.00    0.00   clock network delay (ideal)
   0.00    0.00   clock reconvergence pessimism
           0.00 ^ b_d[2][45]$_SDFF_PP0_/CLK (sky130_fd_sc_hd__dfxtp_1)
  -0.04   -0.04   library hold time
          -0.04   data required time
---------------------------------------------------------
          -0.04   data required time
          -0.38   data arrival time
---------------------------------------------------------
           0.42   slack (MET)



==========================================================================
detailed place critical path target clock latency max path
--------------------------------------------------------------------------
0

==========================================================================
detailed place critical path target clock latency min path
--------------------------------------------------------------------------
0

==========================================================================
detailed place critical path source clock latency min path
--------------------------------------------------------------------------
0

==========================================================================
detailed place critical path delay
--------------------------------------------------------------------------
1.3478

==========================================================================
detailed place critical path slack
--------------------------------------------------------------------------
0.5040

==========================================================================
detailed place slack div critical path delay
--------------------------------------------------------------------------
37.394272

==========================================================================
detailed place report_power
--------------------------------------------------------------------------
Group                  Internal  Switching    Leakage      Total
                          Power      Power      Power      Power (Watts)
----------------------------------------------------------------
Sequential             3.53e-02   1.23e-04   1.39e-08   3.54e-02  96.3%
Combinational          5.91e-04   7.56e-04   7.25e-09   1.35e-03   3.7%
Clock                  0.00e+00   0.00e+00   0.00e+00   0.00e+00   0.0%
Macro                  0.00e+00   0.00e+00   0.00e+00   0.00e+00   0.0%
Pad                    0.00e+00   0.00e+00   0.00e+00   0.00e+00   0.0%
----------------------------------------------------------------
Total                  3.59e-02   8.79e-04   2.11e-08   3.68e-02 100.0%
                          97.6%       2.4%       0.0%
