
==========================================================================
global route report_tns
--------------------------------------------------------------------------
tns max 0.00

==========================================================================
global route report_wns
--------------------------------------------------------------------------
wns max 0.00

==========================================================================
global route report_worst_slack
--------------------------------------------------------------------------
worst slack max 0.38

==========================================================================
global route report_clock_min_period
--------------------------------------------------------------------------
core_clock period_min = 1.62 fmax = 618.42

==========================================================================
global route report_clock_skew
--------------------------------------------------------------------------
Clock core_clock
   0.79 source latency b_d[11][50]$_SDFF_PP0_/CLK ^
  -0.78 target latency sum_chunk[12][2]$_SDFF_PP0_/CLK ^
   0.00 CRPR
--------------
   0.02 setup skew


==========================================================================
global route report_checks -path_delay min
--------------------------------------------------------------------------
Startpoint: b_d[7][43]$_SDFF_PP0_
            (rising edge-triggered flip-flop clocked by core_clock)
Endpoint: b_d[8][43]$_SDFF_PP0_
          (rising edge-triggered flip-flop clocked by core_clock)
Path Group: core_clock
Path Type: min

Fanout     Cap    Slew   Delay    Time   Description
-----------------------------------------------------------------------------
                          0.00    0.00   clock core_clock (rise edge)
                          0.00    0.00   clock source latency
     1    0.06    0.00    0.00    0.00 ^ clk (in)
                                         clk (net)
                  0.00    0.00    0.00 ^ clkbuf_0_clk/A (sky130_fd_sc_hd__clkbuf_16)
    16    0.31    0.31    0.31    0.31 ^ clkbuf_0_clk/X (sky130_fd_sc_hd__clkbuf_16)
                                         clknet_0_clk (net)
                  0.31    0.01    0.32 ^ clkbuf_4_13_0_clk/A (sky130_fd_sc_hd__clkbuf_16)
     9    0.12    0.14    0.28    0.60 ^ clkbuf_4_13_0_clk/X (sky130_fd_sc_hd__clkbuf_16)
                                         clknet_4_13_0_clk (net)
                  0.14    0.00    0.60 ^ clkbuf_leaf_58_clk/A (sky130_fd_sc_hd__clkbuf_16)
    11    0.05    0.07    0.18    0.78 ^ clkbuf_leaf_58_clk/X (sky130_fd_sc_hd__clkbuf_16)
                                         clknet_leaf_58_clk (net)
                  0.07    0.00    0.79 ^ b_d[7][43]$_SDFF_PP0_/CLK (sky130_fd_sc_hd__dfxtp_1)
     1    0.00    0.04    0.30    1.09 ^ b_d[7][43]$_SDFF_PP0_/Q (sky130_fd_sc_hd__dfxtp_1)
                                         b_d[7][43] (net)
                  0.04    0.00    1.09 ^ _3454_/B_N (sky130_fd_sc_hd__nor2b_1)
     1    0.00    0.07    0.11    1.20 ^ _3454_/Y (sky130_fd_sc_hd__nor2b_1)
                                         _0979_ (net)
                  0.07    0.00    1.20 ^ b_d[8][43]$_SDFF_PP0_/D (sky130_fd_sc_hd__dfxtp_1)
                                  1.20   data arrival time

                          0.00    0.00   clock core_clock (rise edge)
                          0.00    0.00   clock source latency
     1    0.06    0.00    0.00    0.00 ^ clk (in)
                                         clk (net)
                  0.00    0.00    0.00 ^ clkbuf_0_clk/A (sky130_fd_sc_hd__clkbuf_16)
    16    0.31    0.31    0.31    0.31 ^ clkbuf_0_clk/X (sky130_fd_sc_hd__clkbuf_16)
                                         clknet_0_clk (net)
                  0.31    0.01    0.32 ^ clkbuf_4_13_0_clk/A (sky130_fd_sc_hd__clkbuf_16)
     9    0.12    0.14    0.28    0.60 ^ clkbuf_4_13_0_clk/X (sky130_fd_sc_hd__clkbuf_16)
                                         clknet_4_13_0_clk (net)
                  0.14    0.00    0.60 ^ clkbuf_leaf_57_clk/A (sky130_fd_sc_hd__clkbuf_16)
    15    0.05    0.07    0.18    0.79 ^ clkbuf_leaf_57_clk/X (sky130_fd_sc_hd__clkbuf_16)
                                         clknet_leaf_57_clk (net)
                  0.07    0.00    0.79 ^ b_d[8][43]$_SDFF_PP0_/CLK (sky130_fd_sc_hd__dfxtp_1)
                          0.00    0.79   clock reconvergence pessimism
                         -0.03    0.76   library hold time
                                  0.76   data required time
-----------------------------------------------------------------------------
                                  0.76   data required time
                                 -1.20   data arrival time
-----------------------------------------------------------------------------
                                  0.44   slack (MET)



==========================================================================
global route report_checks -path_delay max
--------------------------------------------------------------------------
Startpoint: carry[9]$_SDFF_PP0_
            (rising edge-triggered flip-flop clocked by core_clock)
Endpoint: sum_chunk[10][3]$_SDFF_PP0_
          (rising edge-triggered flip-flop clocked by core_clock)
Path Group: core_clock
Path Type: max

Fanout     Cap    Slew   Delay    Time   Description
-----------------------------------------------------------------------------
                          0.00    0.00   clock core_clock (rise edge)
                          0.00    0.00   clock source latency
     1    0.06    0.00    0.00    0.00 ^ clk (in)
                                         clk (net)
                  0.00    0.00    0.00 ^ clkbuf_0_clk/A (sky130_fd_sc_hd__clkbuf_16)
    16    0.31    0.31    0.31    0.31 ^ clkbuf_0_clk/X (sky130_fd_sc_hd__clkbuf_16)
                                         clknet_0_clk (net)
                  0.31    0.01    0.32 ^ clkbuf_4_13_0_clk/A (sky130_fd_sc_hd__clkbuf_16)
     9    0.12    0.14    0.28    0.60 ^ clkbuf_4_13_0_clk/X (sky130_fd_sc_hd__clkbuf_16)
                                         clknet_4_13_0_clk (net)
                  0.14    0.00    0.60 ^ clkbuf_leaf_57_clk/A (sky130_fd_sc_hd__clkbuf_16)
    15    0.05    0.07    0.18    0.79 ^ clkbuf_leaf_57_clk/X (sky130_fd_sc_hd__clkbuf_16)
                                         clknet_leaf_57_clk (net)
                  0.07    0.00    0.79 ^ carry[9]$_SDFF_PP0_/CLK (sky130_fd_sc_hd__dfxtp_1)
     2    0.01    0.07    0.34    1.13 v carry[9]$_SDFF_PP0_/Q (sky130_fd_sc_hd__dfxtp_1)
                                         carry[9][0] (net)
                  0.07    0.00    1.13 v _3588_/C (sky130_fd_sc_hd__maj3_2)
     6    0.02    0.09    0.36    1.49 v _3588_/X (sky130_fd_sc_hd__maj3_2)
                                         _1851_ (net)
                  0.09    0.00    1.49 v _4372_/B (sky130_fd_sc_hd__and4_1)
     1    0.01    0.05    0.20    1.69 v _4372_/X (sky130_fd_sc_hd__and4_1)
                                         _2067_ (net)
                  0.05    0.00    1.69 v _4378_/B1 (sky130_fd_sc_hd__a2111oi_1)
     1    0.01    0.41    0.43    2.12 ^ _4378_/Y (sky130_fd_sc_hd__a2111oi_1)
                                         _2073_ (net)
                  0.41    0.00    2.12 ^ _4382_/A (sky130_fd_sc_hd__nand3_1)
     1    0.00    0.12    0.14    2.27 v _4382_/Y (sky130_fd_sc_hd__nand3_1)
                                         _1657_ (net)
                  0.12    0.00    2.27 v sum_chunk[10][3]$_SDFF_PP0_/D (sky130_fd_sc_hd__dfxtp_1)
                                  2.27   data arrival time

                          2.00    2.00   clock core_clock (rise edge)
                          0.00    2.00   clock source latency
     1    0.06    0.00    0.00    2.00 ^ clk (in)
                                         clk (net)
                  0.00    0.00    2.00 ^ clkbuf_0_clk/A (sky130_fd_sc_hd__clkbuf_16)
    16    0.31    0.31    0.31    2.31 ^ clkbuf_0_clk/X (sky130_fd_sc_hd__clkbuf_16)
                                         clknet_0_clk (net)
                  0.31    0.01    2.32 ^ clkbuf_4_12_0_clk/A (sky130_fd_sc_hd__clkbuf_16)
    10    0.12    0.14    0.29    2.60 ^ clkbuf_4_12_0_clk/X (sky130_fd_sc_hd__clkbuf_16)
                                         clknet_4_12_0_clk (net)
                  0.14    0.00    2.61 ^ clkbuf_leaf_56_clk/A (sky130_fd_sc_hd__clkbuf_16)
    13    0.05    0.07    0.18    2.79 ^ clkbuf_leaf_56_clk/X (sky130_fd_sc_hd__clkbuf_16)
                                         clknet_leaf_56_clk (net)
                  0.07    0.00    2.79 ^ sum_chunk[10][3]$_SDFF_PP0_/CLK (sky130_fd_sc_hd__dfxtp_1)
                          0.00    2.79   clock reconvergence pessimism
                         -0.14    2.65   library setup time
                                  2.65   data required time
-----------------------------------------------------------------------------
                                  2.65   data required time
                                 -2.27   data arrival time
-----------------------------------------------------------------------------
                                  0.38   slack (MET)



==========================================================================
global route report_checks -unconstrained
--------------------------------------------------------------------------
Startpoint: carry[9]$_SDFF_PP0_
            (rising edge-triggered flip-flop clocked by core_clock)
Endpoint: sum_chunk[10][3]$_SDFF_PP0_
          (rising edge-triggered flip-flop clocked by core_clock)
Path Group: core_clock
Path Type: max

Fanout     Cap    Slew   Delay    Time   Description
-----------------------------------------------------------------------------
                          0.00    0.00   clock core_clock (rise edge)
                          0.00    0.00   clock source latency
     1    0.06    0.00    0.00    0.00 ^ clk (in)
                                         clk (net)
                  0.00    0.00    0.00 ^ clkbuf_0_clk/A (sky130_fd_sc_hd__clkbuf_16)
    16    0.31    0.31    0.31    0.31 ^ clkbuf_0_clk/X (sky130_fd_sc_hd__clkbuf_16)
                                         clknet_0_clk (net)
                  0.31    0.01    0.32 ^ clkbuf_4_13_0_clk/A (sky130_fd_sc_hd__clkbuf_16)
     9    0.12    0.14    0.28    0.60 ^ clkbuf_4_13_0_clk/X (sky130_fd_sc_hd__clkbuf_16)
                                         clknet_4_13_0_clk (net)
                  0.14    0.00    0.60 ^ clkbuf_leaf_57_clk/A (sky130_fd_sc_hd__clkbuf_16)
    15    0.05    0.07    0.18    0.79 ^ clkbuf_leaf_57_clk/X (sky130_fd_sc_hd__clkbuf_16)
                                         clknet_leaf_57_clk (net)
                  0.07    0.00    0.79 ^ carry[9]$_SDFF_PP0_/CLK (sky130_fd_sc_hd__dfxtp_1)
     2    0.01    0.07    0.34    1.13 v carry[9]$_SDFF_PP0_/Q (sky130_fd_sc_hd__dfxtp_1)
                                         carry[9][0] (net)
                  0.07    0.00    1.13 v _3588_/C (sky130_fd_sc_hd__maj3_2)
     6    0.02    0.09    0.36    1.49 v _3588_/X (sky130_fd_sc_hd__maj3_2)
                                         _1851_ (net)
                  0.09    0.00    1.49 v _4372_/B (sky130_fd_sc_hd__and4_1)
     1    0.01    0.05    0.20    1.69 v _4372_/X (sky130_fd_sc_hd__and4_1)
                                         _2067_ (net)
                  0.05    0.00    1.69 v _4378_/B1 (sky130_fd_sc_hd__a2111oi_1)
     1    0.01    0.41    0.43    2.12 ^ _4378_/Y (sky130_fd_sc_hd__a2111oi_1)
                                         _2073_ (net)
                  0.41    0.00    2.12 ^ _4382_/A (sky130_fd_sc_hd__nand3_1)
     1    0.00    0.12    0.14    2.27 v _4382_/Y (sky130_fd_sc_hd__nand3_1)
                                         _1657_ (net)
                  0.12    0.00    2.27 v sum_chunk[10][3]$_SDFF_PP0_/D (sky130_fd_sc_hd__dfxtp_1)
                                  2.27   data arrival time

                          2.00    2.00   clock core_clock (rise edge)
                          0.00    2.00   clock source latency
     1    0.06    0.00    0.00    2.00 ^ clk (in)
                                         clk (net)
                  0.00    0.00    2.00 ^ clkbuf_0_clk/A (sky130_fd_sc_hd__clkbuf_16)
    16    0.31    0.31    0.31    2.31 ^ clkbuf_0_clk/X (sky130_fd_sc_hd__clkbuf_16)
                                         clknet_0_clk (net)
                  0.31    0.01    2.32 ^ clkbuf_4_12_0_clk/A (sky130_fd_sc_hd__clkbuf_16)
    10    0.12    0.14    0.29    2.60 ^ clkbuf_4_12_0_clk/X (sky130_fd_sc_hd__clkbuf_16)
                                         clknet_4_12_0_clk (net)
                  0.14    0.00    2.61 ^ clkbuf_leaf_56_clk/A (sky130_fd_sc_hd__clkbuf_16)
    13    0.05    0.07    0.18    2.79 ^ clkbuf_leaf_56_clk/X (sky130_fd_sc_hd__clkbuf_16)
                                         clknet_leaf_56_clk (net)
                  0.07    0.00    2.79 ^ sum_chunk[10][3]$_SDFF_PP0_/CLK (sky130_fd_sc_hd__dfxtp_1)
                          0.00    2.79   clock reconvergence pessimism
                         -0.14    2.65   library setup time
                                  2.65   data required time
-----------------------------------------------------------------------------
                                  2.65   data required time
                                 -2.27   data arrival time
-----------------------------------------------------------------------------
                                  0.38   slack (MET)



==========================================================================
global route report_check_types -max_slew -max_cap -max_fanout -violators
--------------------------------------------------------------------------

==========================================================================
global route max_slew_check_slack
--------------------------------------------------------------------------
0.502496600151062

==========================================================================
global route max_slew_check_limit
--------------------------------------------------------------------------
1.5

==========================================================================
global route max_slew_check_slack_limit
--------------------------------------------------------------------------
0.3350

==========================================================================
global route max_fanout_check_slack
--------------------------------------------------------------------------
1.0000000150474662e+30

==========================================================================
global route max_fanout_check_limit
--------------------------------------------------------------------------
1.0000000150474662e+30

==========================================================================
global route max_capacitance_check_slack
--------------------------------------------------------------------------
0.025447668507695198

==========================================================================
global route max_capacitance_check_limit
--------------------------------------------------------------------------
0.031137999147176743

==========================================================================
global route max_capacitance_check_slack_limit
--------------------------------------------------------------------------
0.8173

==========================================================================
global route max_slew_violation_count
--------------------------------------------------------------------------
max slew violation count 0

==========================================================================
global route max_fanout_violation_count
--------------------------------------------------------------------------
max fanout violation count 0

==========================================================================
global route max_cap_violation_count
--------------------------------------------------------------------------
max cap violation count 0

==========================================================================
global route setup_violation_count
--------------------------------------------------------------------------
setup violation count 0

==========================================================================
global route hold_violation_count
--------------------------------------------------------------------------
hold violation count 0

==========================================================================
global route report_checks -path_delay max reg to reg
--------------------------------------------------------------------------
Startpoint: carry[9]$_SDFF_PP0_
            (rising edge-triggered flip-flop clocked by core_clock)
Endpoint: sum_chunk[10][3]$_SDFF_PP0_
          (rising edge-triggered flip-flop clocked by core_clock)
Path Group: core_clock
Path Type: max

  Delay    Time   Description
---------------------------------------------------------
   0.00    0.00   clock core_clock (rise edge)
   0.00    0.00   clock source latency
   0.00    0.00 ^ clk (in)
   0.31    0.31 ^ clkbuf_0_clk/X (sky130_fd_sc_hd__clkbuf_16)
   0.29    0.60 ^ clkbuf_4_13_0_clk/X (sky130_fd_sc_hd__clkbuf_16)
   0.19    0.79 ^ clkbuf_leaf_57_clk/X (sky130_fd_sc_hd__clkbuf_16)
   0.00    0.79 ^ carry[9]$_SDFF_PP0_/CLK (sky130_fd_sc_hd__dfxtp_1)
   0.34    1.13 v carry[9]$_SDFF_PP0_/Q (sky130_fd_sc_hd__dfxtp_1)
   0.36    1.49 v _3588_/X (sky130_fd_sc_hd__maj3_2)
   0.20    1.69 v _4372_/X (sky130_fd_sc_hd__and4_1)
   0.43    2.12 ^ _4378_/Y (sky130_fd_sc_hd__a2111oi_1)
   0.14    2.27 v _4382_/Y (sky130_fd_sc_hd__nand3_1)
   0.00    2.27 v sum_chunk[10][3]$_SDFF_PP0_/D (sky130_fd_sc_hd__dfxtp_1)
           2.27   data arrival time

   2.00    2.00   clock core_clock (rise edge)
   0.00    2.00   clock source latency
   0.00    2.00 ^ clk (in)
   0.31    2.31 ^ clkbuf_0_clk/X (sky130_fd_sc_hd__clkbuf_16)
   0.29    2.60 ^ clkbuf_4_12_0_clk/X (sky130_fd_sc_hd__clkbuf_16)
   0.18    2.79 ^ clkbuf_leaf_56_clk/X (sky130_fd_sc_hd__clkbuf_16)
   0.00    2.79 ^ sum_chunk[10][3]$_SDFF_PP0_/CLK (sky130_fd_sc_hd__dfxtp_1)
   0.00    2.79   clock reconvergence pessimism
  -0.14    2.65   library setup time
           2.65   data required time
---------------------------------------------------------
           2.65   data required time
          -2.27   data arrival time
---------------------------------------------------------
           0.38   slack (MET)



==========================================================================
global route report_checks -path_delay min reg to reg
--------------------------------------------------------------------------
Startpoint: b_d[7][43]$_SDFF_PP0_
            (rising edge-triggered flip-flop clocked by core_clock)
Endpoint: b_d[8][43]$_SDFF_PP0_
          (rising edge-triggered flip-flop clocked by core_clock)
Path Group: core_clock
Path Type: min

  Delay    Time   Description
---------------------------------------------------------
   0.00    0.00   clock core_clock (rise edge)
   0.00    0.00   clock source latency
   0.00    0.00 ^ clk (in)
   0.31    0.31 ^ clkbuf_0_clk/X (sky130_fd_sc_hd__clkbuf_16)
   0.29    0.60 ^ clkbuf_4_13_0_clk/X (sky130_fd_sc_hd__clkbuf_16)
   0.18    0.78 ^ clkbuf_leaf_58_clk/X (sky130_fd_sc_hd__clkbuf_16)
   0.00    0.79 ^ b_d[7][43]$_SDFF_PP0_/CLK (sky130_fd_sc_hd__dfxtp_1)
   0.30    1.09 ^ b_d[7][43]$_SDFF_PP0_/Q (sky130_fd_sc_hd__dfxtp_1)
   0.11    1.20 ^ _3454_/Y (sky130_fd_sc_hd__nor2b_1)
   0.00    1.20 ^ b_d[8][43]$_SDFF_PP0_/D (sky130_fd_sc_hd__dfxtp_1)
           1.20   data arrival time

   0.00    0.00   clock core_clock (rise edge)
   0.00    0.00   clock source latency
   0.00    0.00 ^ clk (in)
   0.31    0.31 ^ clkbuf_0_clk/X (sky130_fd_sc_hd__clkbuf_16)
   0.29    0.60 ^ clkbuf_4_13_0_clk/X (sky130_fd_sc_hd__clkbuf_16)
   0.19    0.79 ^ clkbuf_leaf_57_clk/X (sky130_fd_sc_hd__clkbuf_16)
   0.00    0.79 ^ b_d[8][43]$_SDFF_PP0_/CLK (sky130_fd_sc_hd__dfxtp_1)
   0.00    0.79   clock reconvergence pessimism
  -0.03    0.76   library hold time
           0.76   data required time
---------------------------------------------------------
           0.76   data required time
          -1.20   data arrival time
---------------------------------------------------------
           0.44   slack (MET)



==========================================================================
global route critical path target clock latency max path
--------------------------------------------------------------------------
0

==========================================================================
global route critical path target clock latency min path
--------------------------------------------------------------------------
0

==========================================================================
global route critical path source clock latency min path
--------------------------------------------------------------------------
0

==========================================================================
global route critical path delay
--------------------------------------------------------------------------
2.2652

==========================================================================
global route critical path slack
--------------------------------------------------------------------------
0.3830

==========================================================================
global route slack div critical path delay
--------------------------------------------------------------------------
16.907999

==========================================================================
global route report_power
--------------------------------------------------------------------------
Group                  Internal  Switching    Leakage      Total
                          Power      Power      Power      Power (Watts)
----------------------------------------------------------------
Sequential             3.45e-02   1.62e-04   1.39e-08   3.47e-02  51.2%
Combinational          5.95e-04   8.65e-04   7.25e-09   1.46e-03   2.2%
Clock                  1.74e-02   1.43e-02   2.54e-09   3.16e-02  46.7%
Macro                  0.00e+00   0.00e+00   0.00e+00   0.00e+00   0.0%
Pad                    0.00e+00   0.00e+00   0.00e+00   0.00e+00   0.0%
----------------------------------------------------------------
Total                  5.25e-02   1.53e-02   2.37e-08   6.78e-02 100.0%
                          77.4%      22.6%       0.0%
