
==========================================================================
finish report_tns
--------------------------------------------------------------------------
tns max 0.00

==========================================================================
finish report_wns
--------------------------------------------------------------------------
wns max 0.00

==========================================================================
finish report_worst_slack
--------------------------------------------------------------------------
worst slack max 0.48

==========================================================================
finish report_clock_min_period
--------------------------------------------------------------------------
core_clock period_min = 1.52 fmax = 657.71

==========================================================================
finish report_clock_skew
--------------------------------------------------------------------------
Clock core_clock
   0.73 source latency sum_align[181][3]$_SDFF_PP0_/CLK ^
  -0.74 target latency sum_align[182][3]$_SDFF_PP0_/CLK ^
   0.00 CRPR
--------------
  -0.01 setup skew


==========================================================================
finish report_checks -path_delay min
--------------------------------------------------------------------------
Startpoint: b_d[5][36]$_SDFF_PP0_
            (rising edge-triggered flip-flop clocked by core_clock)
Endpoint: b_d[6][36]$_SDFF_PP0_
          (rising edge-triggered flip-flop clocked by core_clock)
Path Group: core_clock
Path Type: min

Fanout     Cap    Slew   Delay    Time   Description
-----------------------------------------------------------------------------
                          0.00    0.00   clock core_clock (rise edge)
                          0.00    0.00   clock source latency
     1    0.05    0.00    0.00    0.00 ^ clk (in)
                                         clk (net)
                  0.00    0.00    0.00 ^ clkbuf_0_clk/A (sky130_fd_sc_hd__clkbuf_16)
    16    0.28    0.28    0.29    0.29 ^ clkbuf_0_clk/X (sky130_fd_sc_hd__clkbuf_16)
                                         clknet_0_clk (net)
                  0.28    0.01    0.29 ^ clkbuf_4_6_0_clk/A (sky130_fd_sc_hd__clkbuf_16)
    10    0.11    0.12    0.27    0.56 ^ clkbuf_4_6_0_clk/X (sky130_fd_sc_hd__clkbuf_16)
                                         clknet_4_6_0_clk (net)
                  0.12    0.00    0.57 ^ clkbuf_leaf_49_clk/A (sky130_fd_sc_hd__clkbuf_16)
    14    0.04    0.06    0.17    0.74 ^ clkbuf_leaf_49_clk/X (sky130_fd_sc_hd__clkbuf_16)
                                         clknet_leaf_49_clk (net)
                  0.06    0.00    0.74 ^ b_d[5][36]$_SDFF_PP0_/CLK (sky130_fd_sc_hd__dfxtp_1)
     1    0.00    0.04    0.30    1.04 ^ b_d[5][36]$_SDFF_PP0_/Q (sky130_fd_sc_hd__dfxtp_1)
                                         b_d[5][36] (net)
                  0.04    0.00    1.04 ^ _3380_/B (sky130_fd_sc_hd__and2b_1)
     1    0.00    0.03    0.10    1.14 ^ _3380_/X (sky130_fd_sc_hd__and2b_1)
                                         _0912_ (net)
                  0.03    0.00    1.14 ^ b_d[6][36]$_SDFF_PP0_/D (sky130_fd_sc_hd__dfxtp_1)
                                  1.14   data arrival time

                          0.00    0.00   clock core_clock (rise edge)
                          0.00    0.00   clock source latency
     1    0.05    0.00    0.00    0.00 ^ clk (in)
                                         clk (net)
                  0.00    0.00    0.00 ^ clkbuf_0_clk/A (sky130_fd_sc_hd__clkbuf_16)
    16    0.28    0.28    0.29    0.29 ^ clkbuf_0_clk/X (sky130_fd_sc_hd__clkbuf_16)
                                         clknet_0_clk (net)
                  0.28    0.01    0.30 ^ clkbuf_4_7_0_clk/A (sky130_fd_sc_hd__clkbuf_16)
    10    0.12    0.13    0.27    0.57 ^ clkbuf_4_7_0_clk/X (sky130_fd_sc_hd__clkbuf_16)
                                         clknet_4_7_0_clk (net)
                  0.13    0.00    0.57 ^ clkbuf_leaf_45_clk/A (sky130_fd_sc_hd__clkbuf_16)
    13    0.04    0.06    0.17    0.74 ^ clkbuf_leaf_45_clk/X (sky130_fd_sc_hd__clkbuf_16)
                                         clknet_leaf_45_clk (net)
                  0.06    0.00    0.74 ^ b_d[6][36]$_SDFF_PP0_/CLK (sky130_fd_sc_hd__dfxtp_1)
                          0.00    0.74   clock reconvergence pessimism
                         -0.03    0.72   library hold time
                                  0.72   data required time
-----------------------------------------------------------------------------
                                  0.72   data required time
                                 -1.14   data arrival time
-----------------------------------------------------------------------------
                                  0.42   slack (MET)



==========================================================================
finish report_checks -path_delay max
--------------------------------------------------------------------------
Startpoint: carry[12]$_SDFF_PP0_
            (rising edge-triggered flip-flop clocked by core_clock)
Endpoint: sum_chunk[13][3]$_SDFF_PP0_
          (rising edge-triggered flip-flop clocked by core_clock)
Path Group: core_clock
Path Type: max

Fanout     Cap    Slew   Delay    Time   Description
-----------------------------------------------------------------------------
                          0.00    0.00   clock core_clock (rise edge)
                          0.00    0.00   clock source latency
     1    0.05    0.00    0.00    0.00 ^ clk (in)
                                         clk (net)
                  0.00    0.00    0.00 ^ clkbuf_0_clk/A (sky130_fd_sc_hd__clkbuf_16)
    16    0.28    0.28    0.29    0.29 ^ clkbuf_0_clk/X (sky130_fd_sc_hd__clkbuf_16)
                                         clknet_0_clk (net)
                  0.28    0.01    0.30 ^ clkbuf_4_14_0_clk/A (sky130_fd_sc_hd__clkbuf_16)
     9    0.10    0.12    0.27    0.56 ^ clkbuf_4_14_0_clk/X (sky130_fd_sc_hd__clkbuf_16)
                                         clknet_4_14_0_clk (net)
                  0.12    0.00    0.56 ^ clkbuf_leaf_78_clk/A (sky130_fd_sc_hd__clkbuf_16)
    12    0.04    0.06    0.17    0.74 ^ clkbuf_leaf_78_clk/X (sky130_fd_sc_hd__clkbuf_16)
                                         clknet_leaf_78_clk (net)
                  0.06    0.00    0.74 ^ carry[12]$_SDFF_PP0_/CLK (sky130_fd_sc_hd__dfxtp_1)
     2    0.01    0.06    0.33    1.06 v carry[12]$_SDFF_PP0_/Q (sky130_fd_sc_hd__dfxtp_1)
                                         carry[12][0] (net)
                  0.06    0.00    1.06 v _3615_/C (sky130_fd_sc_hd__maj3_2)
     6    0.02    0.09    0.36    1.42 v _3615_/X (sky130_fd_sc_hd__maj3_2)
                                         _1875_ (net)
                  0.09    0.00    1.42 v _4449_/B (sky130_fd_sc_hd__and4_1)
     1    0.00    0.04    0.19    1.61 v _4449_/X (sky130_fd_sc_hd__and4_1)
                                         _2132_ (net)
                  0.04    0.00    1.61 v _4454_/B1 (sky130_fd_sc_hd__a2111oi_1)
     1    0.00    0.36    0.39    2.00 ^ _4454_/Y (sky130_fd_sc_hd__a2111oi_1)
                                         _2137_ (net)
                  0.36    0.00    2.00 ^ _4458_/A (sky130_fd_sc_hd__nand3_1)
     1    0.00    0.11    0.12    2.12 v _4458_/Y (sky130_fd_sc_hd__nand3_1)
                                         _1669_ (net)
                  0.11    0.00    2.12 v sum_chunk[13][3]$_SDFF_PP0_/D (sky130_fd_sc_hd__dfxtp_1)
                                  2.12   data arrival time

                          2.00    2.00   clock core_clock (rise edge)
                          0.00    2.00   clock source latency
     1    0.05    0.00    0.00    2.00 ^ clk (in)
                                         clk (net)
                  0.00    0.00    2.00 ^ clkbuf_0_clk/A (sky130_fd_sc_hd__clkbuf_16)
    16    0.28    0.28    0.29    2.29 ^ clkbuf_0_clk/X (sky130_fd_sc_hd__clkbuf_16)
                                         clknet_0_clk (net)
                  0.28    0.01    2.30 ^ clkbuf_4_14_0_clk/A (sky130_fd_sc_hd__clkbuf_16)
     9    0.10    0.12    0.27    2.56 ^ clkbuf_4_14_0_clk/X (sky130_fd_sc_hd__clkbuf_16)
                                         clknet_4_14_0_clk (net)
                  0.12    0.00    2.56 ^ clkbuf_leaf_72_clk/A (sky130_fd_sc_hd__clkbuf_16)
    14    0.04    0.06    0.17    2.73 ^ clkbuf_leaf_72_clk/X (sky130_fd_sc_hd__clkbuf_16)
                                         clknet_leaf_72_clk (net)
                  0.06    0.00    2.73 ^ sum_chunk[13][3]$_SDFF_PP0_/CLK (sky130_fd_sc_hd__dfxtp_1)
                          0.00    2.73   clock reconvergence pessimism
                         -0.13    2.60   library setup time
                                  2.60   data required time
-----------------------------------------------------------------------------
                                  2.60   data required time
                                 -2.12   data arrival time
-----------------------------------------------------------------------------
                                  0.48   slack (MET)



==========================================================================
finish report_checks -unconstrained
--------------------------------------------------------------------------
Startpoint: carry[12]$_SDFF_PP0_
            (rising edge-triggered flip-flop clocked by core_clock)
Endpoint: sum_chunk[13][3]$_SDFF_PP0_
          (rising edge-triggered flip-flop clocked by core_clock)
Path Group: core_clock
Path Type: max

Fanout     Cap    Slew   Delay    Time   Description
-----------------------------------------------------------------------------
                          0.00    0.00   clock core_clock (rise edge)
                          0.00    0.00   clock source latency
     1    0.05    0.00    0.00    0.00 ^ clk (in)
                                         clk (net)
                  0.00    0.00    0.00 ^ clkbuf_0_clk/A (sky130_fd_sc_hd__clkbuf_16)
    16    0.28    0.28    0.29    0.29 ^ clkbuf_0_clk/X (sky130_fd_sc_hd__clkbuf_16)
                                         clknet_0_clk (net)
                  0.28    0.01    0.30 ^ clkbuf_4_14_0_clk/A (sky130_fd_sc_hd__clkbuf_16)
     9    0.10    0.12    0.27    0.56 ^ clkbuf_4_14_0_clk/X (sky130_fd_sc_hd__clkbuf_16)
                                         clknet_4_14_0_clk (net)
                  0.12    0.00    0.56 ^ clkbuf_leaf_78_clk/A (sky130_fd_sc_hd__clkbuf_16)
    12    0.04    0.06    0.17    0.74 ^ clkbuf_leaf_78_clk/X (sky130_fd_sc_hd__clkbuf_16)
                                         clknet_leaf_78_clk (net)
                  0.06    0.00    0.74 ^ carry[12]$_SDFF_PP0_/CLK (sky130_fd_sc_hd__dfxtp_1)
     2    0.01    0.06    0.33    1.06 v carry[12]$_SDFF_PP0_/Q (sky130_fd_sc_hd__dfxtp_1)
                                         carry[12][0] (net)
                  0.06    0.00    1.06 v _3615_/C (sky130_fd_sc_hd__maj3_2)
     6    0.02    0.09    0.36    1.42 v _3615_/X (sky130_fd_sc_hd__maj3_2)
                                         _1875_ (net)
                  0.09    0.00    1.42 v _4449_/B (sky130_fd_sc_hd__and4_1)
     1    0.00    0.04    0.19    1.61 v _4449_/X (sky130_fd_sc_hd__and4_1)
                                         _2132_ (net)
                  0.04    0.00    1.61 v _4454_/B1 (sky130_fd_sc_hd__a2111oi_1)
     1    0.00    0.36    0.39    2.00 ^ _4454_/Y (sky130_fd_sc_hd__a2111oi_1)
                                         _2137_ (net)
                  0.36    0.00    2.00 ^ _4458_/A (sky130_fd_sc_hd__nand3_1)
     1    0.00    0.11    0.12    2.12 v _4458_/Y (sky130_fd_sc_hd__nand3_1)
                                         _1669_ (net)
                  0.11    0.00    2.12 v sum_chunk[13][3]$_SDFF_PP0_/D (sky130_fd_sc_hd__dfxtp_1)
                                  2.12   data arrival time

                          2.00    2.00   clock core_clock (rise edge)
                          0.00    2.00   clock source latency
     1    0.05    0.00    0.00    2.00 ^ clk (in)
                                         clk (net)
                  0.00    0.00    2.00 ^ clkbuf_0_clk/A (sky130_fd_sc_hd__clkbuf_16)
    16    0.28    0.28    0.29    2.29 ^ clkbuf_0_clk/X (sky130_fd_sc_hd__clkbuf_16)
                                         clknet_0_clk (net)
                  0.28    0.01    2.30 ^ clkbuf_4_14_0_clk/A (sky130_fd_sc_hd__clkbuf_16)
     9    0.10    0.12    0.27    2.56 ^ clkbuf_4_14_0_clk/X (sky130_fd_sc_hd__clkbuf_16)
                                         clknet_4_14_0_clk (net)
                  0.12    0.00    2.56 ^ clkbuf_leaf_72_clk/A (sky130_fd_sc_hd__clkbuf_16)
    14    0.04    0.06    0.17    2.73 ^ clkbuf_leaf_72_clk/X (sky130_fd_sc_hd__clkbuf_16)
                                         clknet_leaf_72_clk (net)
                  0.06    0.00    2.73 ^ sum_chunk[13][3]$_SDFF_PP0_/CLK (sky130_fd_sc_hd__dfxtp_1)
                          0.00    2.73   clock reconvergence pessimism
                         -0.13    2.60   library setup time
                                  2.60   data required time
-----------------------------------------------------------------------------
                                  2.60   data required time
                                 -2.12   data arrival time
-----------------------------------------------------------------------------
                                  0.48   slack (MET)



==========================================================================
finish report_check_types -max_slew -max_cap -max_fanout -violators
--------------------------------------------------------------------------

==========================================================================
finish max_slew_check_slack
--------------------------------------------------------------------------
0.6223825812339783

==========================================================================
finish max_slew_check_limit
--------------------------------------------------------------------------
1.5

==========================================================================
finish max_slew_check_slack_limit
--------------------------------------------------------------------------
0.4149

==========================================================================
finish max_fanout_check_slack
--------------------------------------------------------------------------
1.0000000150474662e+30

==========================================================================
finish max_fanout_check_limit
--------------------------------------------------------------------------
1.0000000150474662e+30

==========================================================================
finish max_capacitance_check_slack
--------------------------------------------------------------------------
0.027123501524329185

==========================================================================
finish max_capacitance_check_limit
--------------------------------------------------------------------------
0.031137999147176743

==========================================================================
finish max_capacitance_check_slack_limit
--------------------------------------------------------------------------
0.8711

==========================================================================
finish max_slew_violation_count
--------------------------------------------------------------------------
max slew violation count 0

==========================================================================
finish max_fanout_violation_count
--------------------------------------------------------------------------
max fanout violation count 0

==========================================================================
finish max_cap_violation_count
--------------------------------------------------------------------------
max cap violation count 0

==========================================================================
finish setup_violation_count
--------------------------------------------------------------------------
setup violation count 0

==========================================================================
finish hold_violation_count
--------------------------------------------------------------------------
hold violation count 0

==========================================================================
finish report_checks -path_delay max reg to reg
--------------------------------------------------------------------------
Startpoint: carry[12]$_SDFF_PP0_
            (rising edge-triggered flip-flop clocked by core_clock)
Endpoint: sum_chunk[13][3]$_SDFF_PP0_
          (rising edge-triggered flip-flop clocked by core_clock)
Path Group: core_clock
Path Type: max

  Delay    Time   Description
---------------------------------------------------------
   0.00    0.00   clock core_clock (rise edge)
   0.00    0.00   clock source latency
   0.00    0.00 ^ clk (in)
   0.29    0.29 ^ clkbuf_0_clk/X (sky130_fd_sc_hd__clkbuf_16)
   0.27    0.56 ^ clkbuf_4_14_0_clk/X (sky130_fd_sc_hd__clkbuf_16)
   0.17    0.74 ^ clkbuf_leaf_78_clk/X (sky130_fd_sc_hd__clkbuf_16)
   0.00    0.74 ^ carry[12]$_SDFF_PP0_/CLK (sky130_fd_sc_hd__dfxtp_1)
   0.33    1.06 v carry[12]$_SDFF_PP0_/Q (sky130_fd_sc_hd__dfxtp_1)
   0.36    1.42 v _3615_/X (sky130_fd_sc_hd__maj3_2)
   0.19    1.61 v _4449_/X (sky130_fd_sc_hd__and4_1)
   0.39    2.00 ^ _4454_/Y (sky130_fd_sc_hd__a2111oi_1)
   0.12    2.12 v _4458_/Y (sky130_fd_sc_hd__nand3_1)
   0.00    2.12 v sum_chunk[13][3]$_SDFF_PP0_/D (sky130_fd_sc_hd__dfxtp_1)
           2.12   data arrival time

   2.00    2.00   clock core_clock (rise edge)
   0.00    2.00   clock source latency
   0.00    2.00 ^ clk (in)
   0.29    2.29 ^ clkbuf_0_clk/X (sky130_fd_sc_hd__clkbuf_16)
   0.27    2.56 ^ clkbuf_4_14_0_clk/X (sky130_fd_sc_hd__clkbuf_16)
   0.17    2.73 ^ clkbuf_leaf_72_clk/X (sky130_fd_sc_hd__clkbuf_16)
   0.00    2.73 ^ sum_chunk[13][3]$_SDFF_PP0_/CLK (sky130_fd_sc_hd__dfxtp_1)
   0.00    2.73   clock reconvergence pessimism
  -0.13    2.60   library setup time
           2.60   data required time
---------------------------------------------------------
           2.60   data required time
          -2.12   data arrival time
---------------------------------------------------------
           0.48   slack (MET)



==========================================================================
finish report_checks -path_delay min reg to reg
--------------------------------------------------------------------------
Startpoint: b_d[5][36]$_SDFF_PP0_
            (rising edge-triggered flip-flop clocked by core_clock)
Endpoint: b_d[6][36]$_SDFF_PP0_
          (rising edge-triggered flip-flop clocked by core_clock)
Path Group: core_clock
Path Type: min

  Delay    Time   Description
---------------------------------------------------------
   0.00    0.00   clock core_clock (rise edge)
   0.00    0.00   clock source latency
   0.00    0.00 ^ clk (in)
   0.29    0.29 ^ clkbuf_0_clk/X (sky130_fd_sc_hd__clkbuf_16)
   0.28    0.56 ^ clkbuf_4_6_0_clk/X (sky130_fd_sc_hd__clkbuf_16)
   0.17    0.74 ^ clkbuf_leaf_49_clk/X (sky130_fd_sc_hd__clkbuf_16)
   0.00    0.74 ^ b_d[5][36]$_SDFF_PP0_/CLK (sky130_fd_sc_hd__dfxtp_1)
   0.30    1.04 ^ b_d[5][36]$_SDFF_PP0_/Q (sky130_fd_sc_hd__dfxtp_1)
   0.10    1.14 ^ _3380_/X (sky130_fd_sc_hd__and2b_1)
   0.00    1.14 ^ b_d[6][36]$_SDFF_PP0_/D (sky130_fd_sc_hd__dfxtp_1)
           1.14   data arrival time

   0.00    0.00   clock core_clock (rise edge)
   0.00    0.00   clock source latency
   0.00    0.00 ^ clk (in)
   0.29    0.29 ^ clkbuf_0_clk/X (sky130_fd_sc_hd__clkbuf_16)
   0.28    0.57 ^ clkbuf_4_7_0_clk/X (sky130_fd_sc_hd__clkbuf_16)
   0.17    0.74 ^ clkbuf_leaf_45_clk/X (sky130_fd_sc_hd__clkbuf_16)
   0.00    0.74 ^ b_d[6][36]$_SDFF_PP0_/CLK (sky130_fd_sc_hd__dfxtp_1)
   0.00    0.74   clock reconvergence pessimism
  -0.03    0.72   library hold time
           0.72   data required time
---------------------------------------------------------
           0.72   data required time
          -1.14   data arrival time
---------------------------------------------------------
           0.42   slack (MET)



==========================================================================
finish critical path target clock latency max path
--------------------------------------------------------------------------
0

==========================================================================
finish critical path target clock latency min path
--------------------------------------------------------------------------
0

==========================================================================
finish critical path source clock latency min path
--------------------------------------------------------------------------
0

==========================================================================
finish critical path delay
--------------------------------------------------------------------------
2.1204

==========================================================================
finish critical path slack
--------------------------------------------------------------------------
0.4796

==========================================================================
finish slack div critical path delay
--------------------------------------------------------------------------
22.618374

==========================================================================
finish report_power
--------------------------------------------------------------------------
Group                  Internal  Switching    Leakage      Total
                          Power      Power      Power      Power (Watts)
----------------------------------------------------------------
Sequential             3.46e-02   1.21e-04   1.39e-08   3.47e-02  53.2%
Combinational          5.90e-04   7.17e-04   7.25e-09   1.31e-03   2.0%
Clock                  1.73e-02   1.19e-02   2.54e-09   2.92e-02  44.8%
Macro                  0.00e+00   0.00e+00   0.00e+00   0.00e+00   0.0%
Pad                    0.00e+00   0.00e+00   0.00e+00   0.00e+00   0.0%
----------------------------------------------------------------
Total                  5.24e-02   1.27e-02   2.37e-08   6.52e-02 100.0%
                          80.5%      19.5%       0.0%
