OpenROAD 24Q3-12208-gbbf699543a 
Features included (+) or not (-): +GPU +GUI +Python
This program is licensed under the BSD-3 license. See the LICENSE file for details.
Components of this program may be licensed under more restrictive licenses which must be honored.
[INFO ORD-0030] Using 4 thread(s).
read_liberty /workspaces/ece4203_code/openroad_flow/platforms/sky130hd/lib/sky130_fd_sc_hd__tt_025C_1v80.lib
read_db ./results/sky130hd/adder64_pipelined/base/1_synth.odb
source /workspaces/ece4203_code/openroad_flow/platforms/sky130hd/setRC.tcl
Master sky130_ef_sc_hd__decap_12 is loaded but not used in the design

==========================================================================
Floorplan check_setup
--------------------------------------------------------------------------
Warning: There are 130 input ports missing set_input_delay.
Warning: There are 65 output ports missing set_output_delay.
Warning: There are 194 unconstrained endpoints.
number instances in verilog is 4076
[WARNING IFP-0028] Core area lower left (1.000, 1.000) snapped to (1.380, 2.720).
[INFO IFP-0001] Added 128 rows of 762 site unithd.
source /workspaces/ece4203_code/openroad_flow/platforms/sky130hd/make_tracks.tcl
source /workspaces/ece4203_code/openroad_flow/platforms/sky130hd/fastroute.tcl
Repair tie lo fanout...
Repair tie hi fanout...
repair_timing -setup_margin 0 -hold_margin 0 -repair_tns 100 -match_cell_footprint -setup -skip_last_gasp -sequence unbuffer,sizeup,swap,buffer,vt_swap -verbose
[WARNING EST-0027] no estimated parasitics. Using wire load models.
[INFO RSZ-0100] Repair move sequence: UnbufferMove SizeUpMove SwapPinsMove BufferMove 
[INFO RSZ-0098] No setup violations found
Default units for flow
 time 1ns
 capacitance 1pF
 resistance 1kohm
 voltage 1v
 current 1mA
 power 1nW
 distance 1um
Report metrics stage 2, floorplan final...

==========================================================================
floorplan final report_design_area
--------------------------------------------------------------------------
Design area 49375 um^2 40% utilization.
source /workspaces/ece4203_code/openroad_flow/designs/sky130hd/adder64_pipelined/io_constraints.tcl
write_db ./results/sky130hd/adder64_pipelined/base/2_1_floorplan.odb
write_sdc -no_timestamp ./results/sky130hd/adder64_pipelined/base/2_1_floorplan.sdc
Elapsed time: 0:01.25[h:]min:sec. CPU time: user 1.13 sys 0.22 (108%). Peak memory: 148268KB.
Log                        Elapsed/s Peak Memory/MB  sha1sum .odb [0:20)
2_1_floorplan                      1            144 4e335dfdd81cf20f6659
