OpenROAD 24Q3-12208-gbbf699543a 
Features included (+) or not (-): +GPU +GUI +Python
This program is licensed under the BSD-3 license. See the LICENSE file for details.
Components of this program may be licensed under more restrictive licenses which must be honored.
[INFO ORD-0030] Using 4 thread(s).
read_liberty /workspaces/ece4203_code/openroad_flow/platforms/sky130hd/lib/sky130_fd_sc_hd__tt_025C_1v80.lib
read_db ./results/sky130hd/adder64_pipelined/base/2_floorplan.odb
source /workspaces/ece4203_code/openroad_flow/platforms/sky130hd/setRC.tcl
global_placement -skip_io -density 0.6 -pad_left 0 -pad_right 0
[INFO GPL-0005] Execute conjugate gradient initial placement.
[INFO GPL-0002] DBU: 1000
[INFO GPL-0003] SiteSize: (  0.460  2.720 ) um
[INFO GPL-0004] CoreBBox: (  1.380  2.720 ) ( 351.900 350.880 ) um
[INFO GPL-0032] Initializing region: Top-level
[INFO GPL-0006] Number of instances:              5701
[INFO GPL-0007] Movable instances:                4076
[INFO GPL-0008] Fixed instances:                  1625
[INFO GPL-0009] Dummy instances:                     0
[INFO GPL-0010] Number of nets:                   4207
[INFO GPL-0011] Number of pins:                  12540
[INFO GPL-0012] Die BBox:  (  0.000  0.000 ) ( 353.335 353.335 ) um
[INFO GPL-0013] Core BBox: (  1.380  2.720 ) ( 351.900 350.880 ) um
[INFO GPL-0016] Core area:                  122037.043 um^2
[INFO GPL-0014] Region name: top-level.
[INFO GPL-0015] Region area:                122037.043 um^2
[INFO GPL-0017] Fixed instances area:         2033.200 um^2
[INFO GPL-0018] Movable instances area:      52183.405 um^2
[INFO GPL-0019] Utilization:                    43.485 %
[INFO GPL-0020] Standard cells area:         52183.405 um^2
[INFO GPL-0021] Large instances area:            0.000 um^2
[INFO GPL-0033] Initializing Nesterov region: Top-level
[INFO GPL-0023] Placement target density:       0.6000
[INFO GPL-0024] Movable insts average area:     12.803 um^2
[INFO GPL-0025] Ideal bin area:                 21.338 um^2
[INFO GPL-0026] Ideal bin count:                  5719
[INFO GPL-0027] Total bin area:             122037.043 um^2
[INFO GPL-0028] Bin count (X, Y):          64 ,     64
[INFO GPL-0029] Bin size (W * H):       5.477 *  5.440 um
[INFO GPL-0030] Number of bins:                   4096
[INFO GPL-0007] Execute nesterov global placement.
[INFO GPL-0031] HPWL: Half-Perimeter Wirelength
Iteration | Overflow |     HPWL (um) |  HPWL(%) |   Penalty | Group
---------------------------------------------------------------
        0 |   0.9983 |  1.471571e+04 |   +0.00% |  1.23e-15 |      
       10 |   0.9956 |  1.166872e+04 |  -20.71% |  2.00e-15 |      
       20 |   0.9942 |  1.068919e+04 |   -8.39% |  3.25e-15 |      
       30 |   0.9926 |  1.002479e+04 |   -6.22% |  5.30e-15 |      
       40 |   0.9909 |  9.546949e+03 |   -4.77% |  8.63e-15 |      
       50 |   0.9892 |  9.200799e+03 |   -3.63% |  1.41e-14 |      
       60 |   0.9882 |  8.965441e+03 |   -2.56% |  2.29e-14 |      
       70 |   0.9875 |  8.832591e+03 |   -1.48% |  3.73e-14 |      
       80 |   0.9872 |  8.787723e+03 |   -0.51% |  6.07e-14 |      
       90 |   0.9873 |  8.786277e+03 |   -0.02% |  9.89e-14 |      
      100 |   0.9873 |  8.794295e+03 |   +0.09% |  1.61e-13 |      
      110 |   0.9870 |  8.803391e+03 |   +0.10% |  2.62e-13 |      
      120 |   0.9863 |  8.819124e+03 |   +0.18% |  4.28e-13 |      
      130 |   0.9849 |  8.870442e+03 |   +0.58% |  6.96e-13 |      
      140 |   0.9824 |  9.018047e+03 |   +1.66% |  1.13e-12 |      
      150 |   0.9773 |  9.531614e+03 |   +5.69% |  1.85e-12 |      
      160 |   0.9611 |  1.120303e+04 |  +17.54% |  3.01e-12 |      
      170 |   0.9345 |  1.408114e+04 |  +25.69% |  4.90e-12 |      
      180 |   0.8974 |  1.706767e+04 |  +21.21% |  7.98e-12 |      
      190 |   0.8634 |  1.906299e+04 |  +11.69% |  1.30e-11 |      
      200 |   0.8380 |  2.037560e+04 |   +6.89% |  2.12e-11 |      
      210 |   0.8108 |  2.213814e+04 |   +8.65% |  3.45e-11 |      
      220 |   0.7650 |  2.527440e+04 |  +14.17% |  5.61e-11 |      
      230 |   0.7141 |  2.849486e+04 |  +12.74% |  9.14e-11 |      
      240 |   0.6722 |  3.080803e+04 |   +8.12% |  1.49e-10 |      
      250 |   0.6325 |  3.335436e+04 |   +8.27% |  2.42e-10 |      
      260 |   0.5799 |  3.596389e+04 |   +7.82% |  3.95e-10 |      
      270 |   0.5292 |  3.830628e+04 |   +6.51% |  6.43e-10 |      
      280 |   0.4866 |  4.022541e+04 |   +5.01% |  1.05e-09 |      
      290 |   0.4443 |  4.254599e+04 |   +5.77% |  1.70e-09 |      
      300 |   0.4049 |  4.424145e+04 |   +3.99% |  2.78e-09 |      
      310 |   0.3621 |  4.497878e+04 |   +1.67% |  4.52e-09 |      
      320 |   0.3282 |  4.512737e+04 |   +0.33% |  7.00e-09 |      
      330 |   0.3054 |  4.499660e+04 |   -0.29% |  1.03e-08 |      
      340 |   0.2747 |  4.466230e+04 |   -0.74% |  1.52e-08 |      
      350 |   0.2467 |  4.448370e+04 |   -0.40% |  2.24e-08 |      
      360 |   0.2262 |  4.442130e+04 |   -0.14% |  3.30e-08 |      
      370 |   0.1962 |  4.433134e+04 |   -0.20% |  4.86e-08 |      
      380 |   0.1692 |  4.443075e+04 |   +0.22% |  7.16e-08 |      
      390 |   0.1467 |  4.439257e+04 |   -0.09% |  1.05e-07 |      
      400 |   0.1269 |  4.442311e+04 |   +0.07% |  1.55e-07 |      
      410 |   0.1107 |  4.445233e+04 |   +0.07% |  2.29e-07 |      
      416 |   0.0998 |  4.450017e+04 |          |  3.00e-07 |      
---------------------------------------------------------------
[INFO GPL-1001] Global placement finished at iteration 416
[INFO GPL-1002] Placed Cell Area            52183.4051
[INFO GPL-1003] Available Free Area         120003.8432
[INFO GPL-1004] Minimum Feasible Density        0.4400 (cell_area / free_area)
[INFO GPL-1006]   Suggested Target Densities:
[INFO GPL-1007]     - For 90% usage of free space: 0.4832
[INFO GPL-1008]     - For 80% usage of free space: 0.5436
[INFO GPL-1009]     - For 50% usage of free space: 0.8697
[INFO GPL-1014] Final placement area: 52183.41 (+0.00%)
write_db ./results/sky130hd/adder64_pipelined/base/3_1_place_gp_skip_io.odb
Elapsed time: 0:03.84[h:]min:sec. CPU time: user 9.95 sys 0.13 (262%). Peak memory: 125768KB.
Log                        Elapsed/s Peak Memory/MB  sha1sum .odb [0:20)
3_1_place_gp_skip_io               3            122 dcae22ff0ac99540219e
