OpenROAD 24Q3-12208-gbbf699543a 
Features included (+) or not (-): +GPU +GUI +Python
This program is licensed under the BSD-3 license. See the LICENSE file for details.
Components of this program may be licensed under more restrictive licenses which must be honored.
[INFO ORD-0030] Using 4 thread(s).
read_liberty /workspaces/ece4203_code/openroad_flow/platforms/sky130hd/lib/sky130_fd_sc_hd__tt_025C_1v80.lib
read_db ./results/sky130hd/adder64_pipelined/base/3_1_place_gp_skip_io.odb
source /workspaces/ece4203_code/openroad_flow/platforms/sky130hd/setRC.tcl
place_pins -hor_layers met3 -ver_layers met2
Found 0 macro blocks.
Using 2 tracks default min distance between IO pins.
[INFO PPL-0067] Restrict pins [ cout ] to region 50.00u-60.00u at the TOP edge.
[INFO PPL-0067] Restrict pins [ b[0] b[10] b[11] b[12] b[13] ... ] to region 10.00u-60.00u at the BOTTOM edge.
[INFO PPL-0067] Restrict pins [ b[32] b[33] b[34] b[35] b[36] ... ] to region 60.00u-110.00u at the BOTTOM edge.
[INFO PPL-0067] Restrict pins [ cin ] to region 110.00u-120.00u at the BOTTOM edge.
[INFO PPL-0067] Restrict pins [ a[0] a[10] a[11] a[12] a[13] ... ] to region 10.00u-60.00u at the LEFT edge.
[INFO PPL-0067] Restrict pins [ a[32] a[33] a[34] a[35] a[36] ... ] to region 60.00u-110.00u at the LEFT edge.
[INFO PPL-0067] Restrict pins [ sum[0] sum[10] sum[11] sum[12] sum[13] ... ] to region 10.00u-60.00u at the RIGHT edge.
[INFO PPL-0067] Restrict pins [ sum[32] sum[33] sum[34] sum[35] sum[36] ... ] to region 60.00u-110.00u at the RIGHT edge.
[INFO PPL-0001] Number of available slots 1276
[INFO PPL-0002] Number of I/O             196
[INFO PPL-0003] Number of I/O w/sink      196
[INFO PPL-0004] Number of I/O w/o sink    0
[INFO PPL-0005] Slots per section         200
[INFO PPL-0008] Successfully assigned pins to sections.
[INFO PPL-0012] I/O nets HPWL: 37604.36 um.
write_db ./results/sky130hd/adder64_pipelined/base/3_2_place_iop.odb
Elapsed time: 0:00.68[h:]min:sec. CPU time: user 0.61 sys 0.07 (99%). Peak memory: 119976KB.
Log                        Elapsed/s Peak Memory/MB  sha1sum .odb [0:20)
3_2_place_iop                      0            117 8613306a7035b55e80ec
