OpenROAD 24Q3-12208-gbbf699543a 
Features included (+) or not (-): +GPU +GUI +Python
This program is licensed under the BSD-3 license. See the LICENSE file for details.
Components of this program may be licensed under more restrictive licenses which must be honored.
[INFO ORD-0030] Using 4 thread(s).
read_liberty /workspaces/ece4203_code/openroad_flow/platforms/sky130hd/lib/sky130_fd_sc_hd__tt_025C_1v80.lib
read_db ./results/sky130hd/adder64_pipelined/base/3_2_place_iop.odb
source /workspaces/ece4203_code/openroad_flow/platforms/sky130hd/setRC.tcl
[INFO RSZ-0026] Removed 215 buffers.
Perform port buffering...
[INFO RSZ-0027] Inserted 130 sky130_fd_sc_hd__clkdlybuf4s50_1 input buffers.
[INFO RSZ-0028] Inserted 65 sky130_fd_sc_hd__clkdlybuf4s50_1 output buffers.
global_placement -density 0.6 -pad_left 0 -pad_right 0 -routability_driven -timing_driven -min_phi_coef 0.95 -max_phi_coef 1.05
[INFO GPL-0005] Execute conjugate gradient initial placement.
[INFO GPL-0002] DBU: 1000
[INFO GPL-0003] SiteSize: (  0.460  2.720 ) um
[INFO GPL-0004] CoreBBox: (  1.380  2.720 ) ( 351.900 350.880 ) um
[INFO GPL-0032] Initializing region: Top-level
[INFO GPL-0006] Number of instances:              5681
[INFO GPL-0007] Movable instances:                4056
[INFO GPL-0008] Fixed instances:                  1625
[INFO GPL-0009] Dummy instances:                     0
[INFO GPL-0010] Number of nets:                   4187
[INFO GPL-0011] Number of pins:                  12696
[INFO GPL-0012] Die BBox:  (  0.000  0.000 ) ( 353.335 353.335 ) um
[INFO GPL-0013] Core BBox: (  1.380  2.720 ) ( 351.900 350.880 ) um
[INFO GPL-0016] Core area:                  122037.043 um^2
[INFO GPL-0014] Region name: top-level.
[INFO GPL-0015] Region area:                122037.043 um^2
[INFO GPL-0017] Fixed instances area:         2033.200 um^2
[INFO GPL-0018] Movable instances area:      53222.215 um^2
[INFO GPL-0019] Utilization:                    44.350 %
[INFO GPL-0020] Standard cells area:         53222.215 um^2
[INFO GPL-0021] Large instances area:            0.000 um^2
[InitialPlace]  Iter: 1 conjugate gradient residual: 0.01403735 HPWL: 107246496
[InitialPlace]  Iter: 2 conjugate gradient residual: 0.00074439 HPWL: 67805086
[InitialPlace]  Iter: 3 conjugate gradient residual: 0.00012313 HPWL: 65637128
[InitialPlace]  Iter: 4 conjugate gradient residual: 0.00008040 HPWL: 64751569
[InitialPlace]  Iter: 5 conjugate gradient residual: 0.00005238 HPWL: 64278217
[InitialPlace]  Iter: 6 conjugate gradient residual: 0.00002565 HPWL: 64032465
[InitialPlace]  Iter: 7 conjugate gradient residual: 0.00001955 HPWL: 63895979
[InitialPlace]  Iter: 8 conjugate gradient residual: 0.00001782 HPWL: 63820113
[InitialPlace]  Iter: 9 conjugate gradient residual: 0.00001011 HPWL: 63783635
[InitialPlace]  Iter: 10 conjugate gradient residual: 0.00001042 HPWL: 63755170
[InitialPlace]  Iter: 11 conjugate gradient residual: 0.00000973 HPWL: 63735318
[INFO GPL-0033] Initializing Nesterov region: Top-level
[INFO GPL-0023] Placement target density:       0.6000
[INFO GPL-0024] Movable insts average area:     13.122 um^2
[INFO GPL-0025] Ideal bin area:                 21.870 um^2
[INFO GPL-0026] Ideal bin count:                  5580
[INFO GPL-0027] Total bin area:             122037.043 um^2
[INFO GPL-0028] Bin count (X, Y):          64 ,     64
[INFO GPL-0029] Bin size (W * H):       5.477 *  5.440 um
[INFO GPL-0030] Number of bins:                   4096
[INFO GPL-0007] Execute nesterov global placement.
[INFO GPL-0031] HPWL: Half-Perimeter Wirelength
Iteration | Overflow |     HPWL (um) |  HPWL(%) |   Penalty | Group
---------------------------------------------------------------
        0 |   0.7705 |  2.214569e+04 |   +0.00% |  7.50e-15 |      
       10 |   0.7317 |  2.282810e+04 |   +3.08% |  1.22e-14 |      
       20 |   0.7218 |  2.355548e+04 |   +3.19% |  1.99e-14 |      
       30 |   0.7222 |  2.383093e+04 |   +1.17% |  3.24e-14 |      
       40 |   0.7214 |  2.413492e+04 |   +1.28% |  5.28e-14 |      
       50 |   0.7237 |  2.441526e+04 |   +1.16% |  8.59e-14 |      
       60 |   0.7247 |  2.471810e+04 |   +1.24% |  1.40e-13 |      
       70 |   0.7225 |  2.496774e+04 |   +1.01% |  2.28e-13 |      
       80 |   0.7198 |  2.516146e+04 |   +0.78% |  3.71e-13 |      
       90 |   0.7175 |  2.530017e+04 |   +0.55% |  6.05e-13 |      
      100 |   0.7154 |  2.540077e+04 |   +0.40% |  9.85e-13 |      
      110 |   0.7132 |  2.549523e+04 |   +0.37% |  1.60e-12 |      
      120 |   0.7096 |  2.561242e+04 |   +0.46% |  2.61e-12 |      
      130 |   0.7038 |  2.578926e+04 |   +0.69% |  4.26e-12 |      
      140 |   0.6954 |  2.610528e+04 |   +1.23% |  6.94e-12 |      
      150 |   0.6828 |  2.680045e+04 |   +2.66% |  1.13e-11 |      
      160 |   0.6646 |  2.801179e+04 |   +4.52% |  1.84e-11 |      
      170 |   0.6355 |  2.987962e+04 |   +6.67% |  3.00e-11 |      
[INFO GPL-0100] Timing-driven iteration 1/2, virtual: false.
[INFO GPL-0101]    Iter: 172, overflow: 0.632, keep resizer changes at: 1, HPWL: 30063708
Iteration |   Area    | Resized | Buffers | Nets repaired | Remaining
---------------------------------------------------------------------
        0 |     +0.0% |       0 |       0 |             0 |      4187
    final |     +0.5% |       1 |       9 |             1 |         0
---------------------------------------------------------------------
[INFO RSZ-0034] Found 1 slew violations.
[INFO RSZ-0039] Resized 1 instances.
[INFO RSZ-0038] Inserted 9 buffers in 1 nets.
   Iter   |    Area   | Removed | Inserted |   Pins
          |           | Buffers | Buffers  | Remaining
-------------------------------------------------------
        0 |     +0.0% |       0 |        0 |      4056
      400 |     +0.0% |       0 |        0 |      3656
      800 |     +0.0% |       0 |        0 |      3256
     1200 |     +0.0% |       0 |        0 |      2856
     1600 |     +0.0% |       0 |        0 |      2456
     2000 |     +0.0% |       0 |        0 |      2056
     2400 |     +0.0% |       0 |        0 |      1656
     2800 |     +0.0% |       0 |        0 |      1256
     3200 |     +0.0% |       0 |        0 |       856
     3600 |     +0.0% |       0 |        0 |       456
     4000 |     +0.0% |       0 |        1 |        56
    final |     -0.2% |       9 |       14 |         0
-------------------------------------------------------
[INFO GPL-0106] Timing-driven: worst slack 2.74e-10
[INFO GPL-0107] Timing-driven: repair_design delta area: 135.130 um^2 (+0.25%)
[INFO GPL-0108] Timing-driven: repair_design, gpl delta gcells: 14 (+0.35%)
[INFO GPL-0109] Timing-driven: repair_design, gcells created: 23, deleted: 9
[INFO GPL-0110] Timing-driven: new target density: 0.6011261
Iteration | Overflow |     HPWL (um) |  HPWL(%) |   Penalty | Group
---------------------------------------------------------------
      180 |   0.6157 |  3.191991e+04 |   +6.83% |  4.88e-11 |      
      190 |   0.6093 |  3.297549e+04 |   +3.31% |  7.95e-11 |      
      200 |   0.6016 |  3.417172e+04 |   +3.63% |  1.29e-10 |      
[INFO GPL-0038] Routability snapshot saved at iter = 202
      201 |   0.5995 |  3.430652e+04 |          |           |      
      210 |   0.5801 |  3.623850e+04 |   +6.05% |  2.11e-10 |      
      220 |   0.5359 |  3.953887e+04 |   +9.11% |  3.43e-10 |      
      230 |   0.4735 |  4.350096e+04 |  +10.02% |  5.59e-10 |      
      240 |   0.4072 |  4.670725e+04 |   +7.37% |  9.10e-10 |      
      250 |   0.3552 |  4.893928e+04 |   +4.78% |  1.48e-09 |      
      260 |   0.3122 |  5.105834e+04 |   +4.33% |  2.25e-09 |      
[INFO GPL-0040] Routability iteration: 1
[WARNING GRT-0281] Net clk has a large fanout of 1715 terminals.
[INFO GPL-0041] Total routing overflow: 1.6247
[INFO GPL-0042] Number of overflowed tiles: 13 (0.50%)
[INFO GPL-0043] Average top 0.5% routing congestion: 1.1155
[INFO GPL-0044] Average top 1.0% routing congestion: 1.0303
[INFO GPL-0045] Average top 2.0% routing congestion: 0.9345
[INFO GPL-0046] Average top 5.0% routing congestion: 0.8360
[INFO GPL-0047] Routability iteration weighted routing congestion: 1.0729
[INFO GPL-0048] Routing congestion (1.0729) lower than previous minimum (1e+30). Updating minimum.
[INFO GPL-0051] Inflated area:                 599.077 um^2 (+1.12%)
[INFO GPL-0052] Placement target density:       0.6011
[INFO GPL-0076] Removing fillers, count: Before: 1361, After: 1318 (-3.16%)
[INFO GPL-0077] Filler area (um^2)     : Before: 18780.099, After: 18179.140 (-3.20%)
[INFO GPL-0078] Removed fillers count: 43, area removed: 593.098 um^2. Remaining area to be compensated by modifying density: 5.979 um^2
[INFO GPL-0058] White space area:           120003.843 um^2 (+0.00%)
[INFO GPL-0059] Movable instances area:      72137.441 um^2 (+0.00%)
[INFO GPL-0060] Total filler area:           18179.140 um^2 (-3.20%)
[INFO GPL-0061] Total non-inflated area:     72135.562 um^2 (-0.00%)
[INFO GPL-0062] Total inflated area:         72734.639 um^2 (-0.00%)
[INFO GPL-0063] New Target Density:             0.6011
[INFO GPL-0087] Routability end iteration: increase inflation and revert back to snapshot.
Iteration | Overflow |     HPWL (um) |  HPWL(%) |   Penalty | Group
---------------------------------------------------------------
      270 |   0.5935 |  3.553236e+04 |  -30.41% |  1.73e-10 |      
      280 |   0.5574 |  3.834478e+04 |   +7.92% |  2.55e-10 |      
      290 |   0.5075 |  4.186999e+04 |   +9.19% |  3.76e-10 |      
      300 |   0.4528 |  4.513902e+04 |   +7.81% |  5.53e-10 |      
      310 |   0.4050 |  4.740231e+04 |   +5.01% |  8.15e-10 |      
      320 |   0.3696 |  4.907230e+04 |   +3.52% |  1.20e-09 |      
      330 |   0.3380 |  5.065442e+04 |   +3.22% |  1.77e-09 |      
      340 |   0.3172 |  5.094162e+04 |   +0.57% |  2.60e-09 |      
[INFO GPL-0040] Routability iteration: 2
[INFO GPL-0041] Total routing overflow: 1.3098
[INFO GPL-0042] Number of overflowed tiles: 11 (0.42%)
[INFO GPL-0043] Average top 0.5% routing congestion: 1.0820
[INFO GPL-0044] Average top 1.0% routing congestion: 0.9807
[INFO GPL-0045] Average top 2.0% routing congestion: 0.8955
[INFO GPL-0046] Average top 5.0% routing congestion: 0.8104
[INFO GPL-0047] Routability iteration weighted routing congestion: 1.0313
[INFO GPL-0048] Routing congestion (1.0313) lower than previous minimum (1.073). Updating minimum.
[INFO GPL-0051] Inflated area:                 236.891 um^2 (+0.44%)
[INFO GPL-0052] Placement target density:       0.6011
[INFO GPL-0076] Removing fillers, count: Before: 1318, After: 1301 (-1.29%)
[INFO GPL-0077] Filler area (um^2)     : Before: 18179.140, After: 17944.659 (-1.29%)
[INFO GPL-0078] Removed fillers count: 17, area removed: 234.481 um^2. Remaining area to be compensated by modifying density: 2.410 um^2
[INFO GPL-0058] White space area:           120003.843 um^2 (+0.00%)
[INFO GPL-0059] Movable instances area:      72137.441 um^2 (+0.00%)
[INFO GPL-0060] Total filler area:           17944.659 um^2 (-1.29%)
[INFO GPL-0061] Total non-inflated area:     72137.972 um^2 (+0.00%)
[INFO GPL-0062] Total inflated area:         72374.863 um^2 (+0.00%)
[INFO GPL-0063] New Target Density:             0.6011
[INFO GPL-0087] Routability end iteration: increase inflation and revert back to snapshot.
Iteration | Overflow |     HPWL (um) |  HPWL(%) |   Penalty | Group
---------------------------------------------------------------
      350 |   0.6032 |  3.467622e+04 |  -31.93% |  1.48e-10 |      
      360 |   0.5763 |  3.713655e+04 |   +7.10% |  2.18e-10 |      
      370 |   0.5291 |  4.053046e+04 |   +9.14% |  3.22e-10 |      
      380 |   0.4752 |  4.409651e+04 |   +8.80% |  4.74e-10 |      
      390 |   0.4242 |  4.686439e+04 |   +6.28% |  6.98e-10 |      
      400 |   0.3836 |  4.873317e+04 |   +3.99% |  1.03e-09 |      
      410 |   0.3506 |  5.042812e+04 |   +3.48% |  1.51e-09 |      
      420 |   0.3228 |  5.137268e+04 |   +1.87% |  2.23e-09 |      
      430 |   0.3041 |  5.081620e+04 |   -1.08% |  3.29e-09 |      
[INFO GPL-0040] Routability iteration: 3
[INFO GPL-0041] Total routing overflow: 1.0471
[INFO GPL-0042] Number of overflowed tiles: 11 (0.42%)
[INFO GPL-0043] Average top 0.5% routing congestion: 1.0621
[INFO GPL-0044] Average top 1.0% routing congestion: 0.9688
[INFO GPL-0045] Average top 2.0% routing congestion: 0.8884
[INFO GPL-0046] Average top 5.0% routing congestion: 0.8081
[INFO GPL-0047] Routability iteration weighted routing congestion: 1.0155
[INFO GPL-0048] Routing congestion (1.0155) lower than previous minimum (1.031). Updating minimum.
[INFO GPL-0051] Inflated area:                  77.165 um^2 (+0.14%)
[INFO GPL-0052] Placement target density:       0.6011
[INFO GPL-0076] Removing fillers, count: Before: 1301, After: 1296 (-0.38%)
[INFO GPL-0077] Filler area (um^2)     : Before: 17944.659, After: 17875.694 (-0.38%)
[INFO GPL-0078] Removed fillers count: 5, area removed: 68.965 um^2. Remaining area to be compensated by modifying density: 8.200 um^2
[INFO GPL-0058] White space area:           120003.843 um^2 (+0.00%)
[INFO GPL-0059] Movable instances area:      72137.441 um^2 (+0.00%)
[INFO GPL-0060] Total filler area:           17875.694 um^2 (-0.38%)
[INFO GPL-0061] Total non-inflated area:     72146.172 um^2 (+0.01%)
[INFO GPL-0062] Total inflated area:         72223.338 um^2 (+0.01%)
[INFO GPL-0063] New Target Density:             0.6011
[INFO GPL-0087] Routability end iteration: increase inflation and revert back to snapshot.
Iteration | Overflow |     HPWL (um) |  HPWL(%) |   Penalty | Group
---------------------------------------------------------------
      440 |   0.5895 |  3.599961e+04 |  -29.16% |  1.87e-10 |      
      450 |   0.5497 |  3.912027e+04 |   +8.67% |  2.76e-10 |      
      460 |   0.4972 |  4.279328e+04 |   +9.39% |  4.06e-10 |      
      470 |   0.4428 |  4.596125e+04 |   +7.40% |  5.98e-10 |      
      480 |   0.3989 |  4.815060e+04 |   +4.76% |  8.80e-10 |      
      490 |   0.3631 |  4.989115e+04 |   +3.61% |  1.30e-09 |      
      500 |   0.3352 |  5.128331e+04 |   +2.79% |  1.91e-09 |      
      510 |   0.3129 |  5.120479e+04 |   -0.15% |  2.81e-09 |      
[INFO GPL-0040] Routability iteration: 4
[INFO GPL-0041] Total routing overflow: 0.9434
[INFO GPL-0042] Number of overflowed tiles: 8 (0.31%)
[INFO GPL-0043] Average top 0.5% routing congestion: 1.0515
[INFO GPL-0044] Average top 1.0% routing congestion: 0.9628
[INFO GPL-0045] Average top 2.0% routing congestion: 0.8873
[INFO GPL-0046] Average top 5.0% routing congestion: 0.8078
[INFO GPL-0047] Routability iteration weighted routing congestion: 1.0071
[INFO GPL-0050] Weighted routing congestion is lower than target routing congestion(1.0100), end routability optimization.
[INFO GPL-0090] Routability finished. Target routing congestion achieved succesfully.
Iteration | Overflow |     HPWL (um) |  HPWL(%) |   Penalty | Group
---------------------------------------------------------------
      520 |   0.2903 |  5.082939e+04 |   -0.73% |  4.14e-09 |      
      530 |   0.2686 |  5.066453e+04 |   -0.32% |  6.11e-09 |      
      540 |   0.2556 |  4.964517e+04 |   -2.01% |  8.99e-09 |      
      550 |   0.2371 |  4.939467e+04 |   -0.50% |  1.33e-08 |      
      560 |   0.2116 |  4.946073e+04 |   +0.13% |  1.95e-08 |      
      570 |   0.1968 |  4.918597e+04 |   -0.56% |  2.88e-08 |      
[INFO GPL-0100] Timing-driven iteration 2/2, virtual: false.
[INFO GPL-0101]    Iter: 573, overflow: 0.194, keep resizer changes at: 1, HPWL: 49119653
Iteration |   Area    | Resized | Buffers | Nets repaired | Remaining
---------------------------------------------------------------------
        0 |     +0.0% |       0 |       0 |             0 |      4201
    final |     +0.0% |       0 |       0 |             0 |         0
---------------------------------------------------------------------
   Iter   |    Area   | Removed | Inserted |   Pins
          |           | Buffers | Buffers  | Remaining
-------------------------------------------------------
        0 |     +0.0% |       0 |        0 |      4056
      400 |     +0.0% |       0 |        0 |      3656
      800 |     +0.0% |       0 |        0 |      3256
     1200 |     +0.0% |       0 |        0 |      2856
     1600 |     +0.0% |       0 |        0 |      2456
     2000 |     +0.0% |       0 |        0 |      2056
     2400 |     +0.0% |       0 |        0 |      1656
     2800 |     +0.0% |       0 |        0 |      1256
     3200 |     +0.0% |       0 |        0 |       856
     3600 |     +0.0% |       0 |        0 |       456
     4000 |     +0.0% |       1 |        1 |        56
    final |     +0.0% |      14 |       17 |         0
-------------------------------------------------------
[INFO GPL-0106] Timing-driven: worst slack 4.85e-10
[INFO GPL-0107] Timing-driven: repair_design delta area: 19.073 um^2 (+0.04%)
[INFO GPL-0108] Timing-driven: repair_design, gpl delta gcells: 3 (+0.07%)
[INFO GPL-0109] Timing-driven: repair_design, gcells created: 17, deleted: 14
[INFO GPL-0110] Timing-driven: new target density: 0.60135776
Iteration | Overflow |     HPWL (um) |  HPWL(%) |   Penalty | Group
---------------------------------------------------------------
      580 |   0.1765 |  4.907807e+04 |   -0.22% |  4.24e-08 |      
      590 |   0.1609 |  4.904282e+04 |   -0.07% |  6.24e-08 |      
      600 |   0.1456 |  4.897225e+04 |   -0.14% |  9.19e-08 |      
      610 |   0.1324 |  4.884018e+04 |   -0.27% |  1.35e-07 |      
      620 |   0.1187 |  4.886887e+04 |   +0.06% |  1.99e-07 |      
      630 |   0.1045 |  4.891201e+04 |   +0.09% |  2.94e-07 |      
      635 |   0.0984 |  4.896077e+04 |          |  3.71e-07 |      
---------------------------------------------------------------
[INFO GPL-1001] Global placement finished at iteration 635
[INFO GPL-1003] Routability mode iteration count: 311
[INFO GPL-1005] Routability final weighted congestion: 1.1062
[INFO GPL-1002] Placed Cell Area            54289.5514
[INFO GPL-1003] Available Free Area         120003.8432
[INFO GPL-1004] Minimum Feasible Density        0.4500 (cell_area / free_area)
[INFO GPL-1006]   Suggested Target Densities:
[INFO GPL-1007]     - For 90% usage of free space: 0.5027
[INFO GPL-1008]     - For 80% usage of free space: 0.5655
[INFO GPL-1009]     - For 50% usage of free space: 0.9048
[INFO GPL-1011] Original area (um^2): 53222.22
[INFO GPL-1012] Total routability artificial inflation: 1048.26 (+1.97%)
[INFO GPL-1013] Total timing-driven delta area: 154.20 (+0.29%)
[INFO GPL-1014] Final placement area: 54289.55 (+2.01%)
Took 8 seconds: global_placement -density 0.6 -pad_left 0 -pad_right 0 -routability_driven -timing_driven -min_phi_coef 0.95 -max_phi_coef 1.05
estimate_parasitics -placement
Report metrics stage 3, global place...

==========================================================================
global place report_design_area
--------------------------------------------------------------------------
Design area 50547 um^2 41% utilization.
write_db ./results/sky130hd/adder64_pipelined/base/3_3_place_gp.odb
Elapsed time: 0:08.92[h:]min:sec. CPU time: user 19.68 sys 0.84 (230%). Peak memory: 231908KB.
Log                        Elapsed/s Peak Memory/MB  sha1sum .odb [0:20)
3_3_place_gp                       8            226 f422e1a61fceecfaff50
