OpenROAD 24Q3-12208-gbbf699543a 
Features included (+) or not (-): +GPU +GUI +Python
This program is licensed under the BSD-3 license. See the LICENSE file for details.
Components of this program may be licensed under more restrictive licenses which must be honored.
[INFO ORD-0030] Using 4 thread(s).
read_liberty /workspaces/ece4203_code/openroad_flow/platforms/sky130hd/lib/sky130_fd_sc_hd__tt_025C_1v80.lib
read_db ./results/sky130hd/adder64_pipelined/base/3_4_place_resized.odb
source /workspaces/ece4203_code/openroad_flow/platforms/sky130hd/setRC.tcl
Placement Analysis
---------------------------------
total displacement       7260.6 u
average displacement        1.3 u
max displacement            7.1 u
original HPWL           48947.9 u
legalized HPWL          52965.0 u
delta HPWL                    8 %

Detailed placement improvement.
[INFO DPL-0401] Setting random seed to 1.
[INFO DPL-0402] Setting maximum displacement 5 1 to 13600 2720 units.
[INFO DPL-0320] Collected 1821 fixed cells.
[INFO DPL-0318] Collected 4073 single height cells.
[INFO DPL-0321] Collected 0 wide cells.
[INFO DPL-0322] Image (1380, 2720) - (351900, 350880)
[INFO DPL-0310] Assigned 4073 cells into segments.  Movement in X-direction is 0.000000, movement in Y-direction is 0.000000.
[INFO DPL-0313] Found 0 cells in wrong regions.
[INFO DPL-0315] Found 0 row alignment problems.
[INFO DPL-0314] Found 0 site alignment problems.
[INFO DPL-0311] Found 0 overlaps between adjacent cells.
[INFO DPL-0312] Found 0 edge spacing violations and 0 padding violations.
[INFO DPL-0303] Running algorithm for independent set matching.
[INFO DPL-0300] Set matching objective is wirelength.
[INFO DPL-0301] Pass   1 of matching; objective is 5.328513e+07.
[INFO DPL-0302] End of matching; objective is 5.302378e+07, improvement is 0.49 percent.
[INFO DPL-0303] Running algorithm for global swaps.
[INFO DPL-0306] Pass   1 of global swaps; hpwl is 5.219303e+07.
[INFO DPL-0306] Pass   2 of global swaps; hpwl is 5.207209e+07.
[INFO DPL-0307] End of global swaps; objective is 5.207209e+07, improvement is 1.79 percent.
[INFO DPL-0303] Running algorithm for vertical swaps.
[INFO DPL-0308] Pass   1 of vertical swaps; hpwl is 5.183710e+07.
[INFO DPL-0309] End of vertical swaps; objective is 5.183710e+07, improvement is 0.45 percent.
[INFO DPL-0303] Running algorithm for reordering.
[INFO DPL-0304] Pass   1 of reordering; objective is 5.179024e+07.
[INFO DPL-0305] End of reordering; objective is 5.179024e+07, improvement is 0.09 percent.
[INFO DPL-0303] Running algorithm for random improvement.
[INFO DPL-0324] Random improver is using random generator.
[INFO DPL-0325] Random improver is using hpwl objective.
[INFO DPL-0326] Random improver cost string is (a).
[INFO DPL-0332] End of pass, Generator random called 81460 times.
[INFO DPL-0335] Generator random, Cumulative attempts 81460, swaps 12972, moves 20154 since last reset.
[INFO DPL-0333] End of pass, Objective hpwl, Initial cost 5.026948e+07, Scratch cost 4.949354e+07, Incremental cost 4.949354e+07, Mismatch? N
[INFO DPL-0338] End of pass, Total cost is 4.949354e+07.
[INFO DPL-0327] Pass   1 of random improver; improvement in cost is 1.54 percent.
[INFO DPL-0332] End of pass, Generator random called 81460 times.
[INFO DPL-0335] Generator random, Cumulative attempts 162920, swaps 25295, moves 40645 since last reset.
[INFO DPL-0333] End of pass, Objective hpwl, Initial cost 4.949354e+07, Scratch cost 4.921605e+07, Incremental cost 4.921605e+07, Mismatch? N
[INFO DPL-0338] End of pass, Total cost is 4.921605e+07.
[INFO DPL-0327] Pass   2 of random improver; improvement in cost is 0.56 percent.
[INFO DPL-0328] End of random improver; improvement is 2.095556 percent.
[INFO DPL-0380] Cell flipping.
[INFO DPL-0382] Changed 0 cell orientations for row compatibility.
[INFO DPL-0383] Performed 189 cell flips.
[INFO DPL-0384] End of flipping; objective is 5.045254e+07, improvement is 0.58 percent.
[INFO DPL-0313] Found 0 cells in wrong regions.
[INFO DPL-0315] Found 0 row alignment problems.
[INFO DPL-0314] Found 0 site alignment problems.
[INFO DPL-0311] Found 0 overlaps between adjacent cells.
[INFO DPL-0312] Found 0 edge spacing violations and 0 padding violations.
Detailed Improvement Results
------------------------------------------
Original HPWL            52965.0 u (   23550.9,    29414.1)
Final HPWL               50137.3 u (   22683.7,    27453.7)
Delta HPWL                  -5.3 % (      -3.7,       -6.7)

[INFO DPL-0020] Mirrored 17 instances
[INFO DPL-0021] HPWL before           50137.3 u
[INFO DPL-0022] HPWL after            50132.6 u
[INFO DPL-0023] HPWL delta               -0.0 %
[INFO FLW-0012] Placement violations .
estimate_parasitics -placement
Report metrics stage 3, detailed place...

==========================================================================
detailed place report_design_area
--------------------------------------------------------------------------
Design area 50547 um^2 41% utilization.
write_db ./results/sky130hd/adder64_pipelined/base/3_5_place_dp.odb
Elapsed time: 0:02.90[h:]min:sec. CPU time: user 3.07 sys 0.41 (120%). Peak memory: 144504KB.
Log                        Elapsed/s Peak Memory/MB  sha1sum .odb [0:20)
3_5_place_dp                       2            141 b0338defa9829b0fcf3a
