OpenROAD 24Q3-12208-gbbf699543a 
Features included (+) or not (-): +GPU +GUI +Python
This program is licensed under the BSD-3 license. See the LICENSE file for details.
Components of this program may be licensed under more restrictive licenses which must be honored.
[INFO ORD-0030] Using 4 thread(s).
read_liberty /workspaces/ece4203_code/openroad_flow/platforms/sky130hd/lib/sky130_fd_sc_hd__tt_025C_1v80.lib
read_db ./results/sky130hd/adder64_pipelined/base/3_place.odb
source /workspaces/ece4203_code/openroad_flow/platforms/sky130hd/setRC.tcl
clock_tree_synthesis -sink_clustering_enable -repair_clock_nets
[INFO CTS-0050] Root buffer is sky130_fd_sc_hd__clkbuf_16.
[INFO CTS-0051] Sink buffer is sky130_fd_sc_hd__clkbuf_16.
[INFO CTS-0052] The following clock buffers will be used for CTS:
                    sky130_fd_sc_hd__clkbuf_16
[INFO CTS-0049] Characterization buffer is sky130_fd_sc_hd__clkbuf_16.
[INFO CTS-0007] Net "clk" found for clock "core_clock".
[INFO CTS-0010]  Clock net "clk" has 1714 sinks.
[INFO CTS-0008] TritonCTS found 1 clock nets.
[INFO CTS-0097] Characterization used 1 buffer(s) types.
[INFO CTS-0201] 0 blockages from hard placement blockages and placed macros will be used.
[INFO CTS-0027] Generating H-Tree topology for net clk.
[INFO CTS-0028]  Total number of sinks: 1714.
[INFO CTS-0090]  Sinks will be clustered based on buffer max cap.
[INFO CTS-0030]  Number of static layers: 0.
[INFO CTS-0020]  Wire segment unit: 13600  dbu (13 um).
[INFO CTS-0206] Best clustering solution was found from clustering size of 10 and clustering diameter of 50.
[INFO CTS-0019]  Total number of sinks after clustering: 139.
[INFO CTS-0024]  Normalized sink region: [(0.726961, 0.9), (24.7575, 19.4348)].
[INFO CTS-0025]     Width:  24.0305.
[INFO CTS-0026]     Height: 18.5348.
 Level 1
    Direction: Horizontal
    Sinks per sub-region: 70
    Sub-region size: 12.0153 X 18.5348
[INFO CTS-0034]     Segment length (rounded): 6.
 Level 2
    Direction: Vertical
    Sinks per sub-region: 35
    Sub-region size: 12.0153 X 9.2674
[INFO CTS-0034]     Segment length (rounded): 4.
 Level 3
    Direction: Horizontal
    Sinks per sub-region: 18
    Sub-region size: 6.0076 X 9.2674
[INFO CTS-0034]     Segment length (rounded): 4.
 Level 4
    Direction: Vertical
    Sinks per sub-region: 9
    Sub-region size: 6.0076 X 4.6337
[INFO CTS-0034]     Segment length (rounded): 2.
[INFO CTS-0032]  Stop criterion found. Max number of sinks is 15.
[INFO CTS-0035]  Number of sinks covered: 139.
[INFO CTS-0018]     Created 156 clock buffers.
[INFO CTS-0012]     Minimum number of buffers in the clock path: 3.
[INFO CTS-0013]     Maximum number of buffers in the clock path: 3.
[INFO CTS-0015]     Created 156 clock nets.
[INFO CTS-0016]     Fanout distribution for the current clock = 7:1, 8:6, 9:9, 10:11, 11:21, 12:45, 13:37, 14:20, 15:5..
[INFO CTS-0017]     Max level of the clock tree: 4.
[INFO CTS-0098] Clock net "clk"
[INFO CTS-0099]  Sinks 1838
[INFO CTS-0100]  Leaf buffers 139
[INFO CTS-0101]  Average sink wire length 475.69 um
[INFO CTS-0102]  Path depth 2 - 3
[INFO CTS-0207]  Dummy loads inserted 124
estimate_parasitics -placement
Placement Analysis
---------------------------------
total displacement       2473.9 u
average displacement        0.4 u
max displacement            9.3 u
original HPWL           59103.6 u
legalized HPWL          61020.3 u
delta HPWL                    3 %

estimate_parasitics -placement
repair_timing -setup_margin 0 -hold_margin 0 -repair_tns 100 -match_cell_footprint -verbose
[INFO RSZ-0100] Repair move sequence: UnbufferMove SizeUpMove SwapPinsMove BufferMove CloneMove SplitLoadMove 
[INFO RSZ-0098] No setup violations found
[INFO RSZ-0033] No hold violations found.
Placement Analysis
---------------------------------
total displacement          0.0 u
average displacement        0.0 u
max displacement            0.0 u
original HPWL           61020.3 u
legalized HPWL          61020.3 u
delta HPWL                    0 %

Report metrics stage 4, cts final...

==========================================================================
cts final report_design_area
--------------------------------------------------------------------------
Design area 55711 um^2 46% utilization.
write_db ./results/sky130hd/adder64_pipelined/base/4_1_cts.odb
write_sdc -no_timestamp ./results/sky130hd/adder64_pipelined/base/4_cts.sdc
Elapsed time: 0:03.52[h:]min:sec. CPU time: user 3.83 sys 0.65 (127%). Peak memory: 167108KB.
Log                        Elapsed/s Peak Memory/MB  sha1sum .odb [0:20)
4_1_cts                            3            163 0b7e93c43481c93b3ad7
