OpenROAD 24Q3-12208-gbbf699543a 
Features included (+) or not (-): +GPU +GUI +Python
This program is licensed under the BSD-3 license. See the LICENSE file for details.
Components of this program may be licensed under more restrictive licenses which must be honored.
[INFO ORD-0030] Using 4 thread(s).
read_liberty /workspaces/ece4203_code/openroad_flow/platforms/sky130hd/lib/sky130_fd_sc_hd__tt_025C_1v80.lib
read_db ./results/sky130hd/adder64_pipelined/base/4_cts.odb
source /workspaces/ece4203_code/openroad_flow/platforms/sky130hd/setRC.tcl
pin_access
[INFO DRT-0149] Reading tech and libs.
[WARNING DRT-0349] LEF58_ENCLOSURE with no CUTCLASS is not supported. Skipping for layer mcon
[WARNING DRT-0349] LEF58_ENCLOSURE with no CUTCLASS is not supported. Skipping for layer mcon
[WARNING DRT-0349] LEF58_ENCLOSURE with no CUTCLASS is not supported. Skipping for layer via
[WARNING DRT-0349] LEF58_ENCLOSURE with no CUTCLASS is not supported. Skipping for layer via
[WARNING DRT-0349] LEF58_ENCLOSURE with no CUTCLASS is not supported. Skipping for layer via2
[WARNING DRT-0349] LEF58_ENCLOSURE with no CUTCLASS is not supported. Skipping for layer via2
[WARNING DRT-0349] LEF58_ENCLOSURE with no CUTCLASS is not supported. Skipping for layer via3
[WARNING DRT-0349] LEF58_ENCLOSURE with no CUTCLASS is not supported. Skipping for layer via3
[WARNING DRT-0349] LEF58_ENCLOSURE with no CUTCLASS is not supported. Skipping for layer via4
[WARNING DRT-0349] LEF58_ENCLOSURE with no CUTCLASS is not supported. Skipping for layer via4

Units:                1000
Number of layers:     13
Number of macros:     441
Number of vias:       29
Number of viarulegen: 25

[INFO DRT-0150] Reading design.
[WARNING DRT-0120] Large net net222 has 197 pins which may impact routing performance. Consider optimization.
[WARNING DRT-0120] Large net net130 has 146 pins which may impact routing performance. Consider optimization.
[WARNING DRT-0120] Large net net233 has 193 pins which may impact routing performance. Consider optimization.

Design:                   adder64_pipelined
Die area:                 ( 0 0 ) ( 353335 353335 )
Number of track patterns: 12
Number of DEF vias:       0
Number of components:     5978
Number of terminals:      198
Number of snets:          2
Number of nets:           4360

[INFO DRT-0167] List of default vias:
  Layer via
    default via: M1M2_PR
  Layer via2
    default via: M2M3_PR
  Layer via3
    default via: M3M4_PR
  Layer via4
    default via: M4M5_PR
[INFO DRT-0162] Library cell analysis.
[INFO DRT-0163] Instance analysis.
[INFO DRT-0164] Number of unique instances = 76.
[INFO DRT-0168] Init region query.
[INFO DRT-0024]   Complete FR_MASTERSLICE.
[INFO DRT-0024]   Complete Fr_VIA.
[INFO DRT-0024]   Complete li1.
[INFO DRT-0024]   Complete mcon.
[INFO DRT-0024]   Complete met1.
[INFO DRT-0024]   Complete via.
[INFO DRT-0024]   Complete met2.
[INFO DRT-0024]   Complete via2.
[INFO DRT-0024]   Complete met3.
[INFO DRT-0024]   Complete via3.
[INFO DRT-0024]   Complete met4.
[INFO DRT-0024]   Complete via4.
[INFO DRT-0024]   Complete met5.
[INFO DRT-0033] FR_MASTERSLICE shape region query size = 0.
[INFO DRT-0033] FR_VIA shape region query size = 0.
[INFO DRT-0033] li1 shape region query size = 173386.
[INFO DRT-0033] mcon shape region query size = 102586.
[INFO DRT-0033] met1 shape region query size = 27410.
[INFO DRT-0033] via shape region query size = 8065.
[INFO DRT-0033] met2 shape region query size = 4906.
[INFO DRT-0033] via2 shape region query size = 6452.
[INFO DRT-0033] met3 shape region query size = 4968.
[INFO DRT-0033] via3 shape region query size = 6452.
[INFO DRT-0033] met4 shape region query size = 1951.
[INFO DRT-0033] via4 shape region query size = 313.
[INFO DRT-0033] met5 shape region query size = 363.
[INFO DRT-0165] Start pin access.
[INFO DRT-0078]   Complete 560 pins.
[INFO DRT-0081]   Complete 76 unique inst patterns.
[INFO DRT-0084]   Complete 2990 groups.
#scanned instances     = 5978
#unique  instances     = 76
#stdCellGenAp          = 2028
#stdCellValidPlanarAp  = 0
#stdCellValidViaAp     = 1563
#stdCellPinNoAp        = 0
#stdCellPinCnt         = 12970
#instTermValidViaApCnt = 0
#macroGenAp            = 0
#macroValidPlanarAp    = 0
#macroValidViaAp       = 0
#macroNoAp             = 0
[INFO DRT-0166] Complete pin access.
[INFO DRT-0267] cpu time = 00:02:56, elapsed time = 00:00:47, memory = 155.54 (MB), peak = 159.06 (MB)
Took 47 seconds: pin_access
global_route -congestion_report_file ./reports/sky130hd/adder64_pipelined/base/congestion.rpt -congestion_iterations 30 -congestion_report_iter_step 5 -verbose
[INFO GRT-0020] Min routing layer: met1
[INFO GRT-0021] Max routing layer: met5
[INFO GRT-0022] Global adjustment: 0%
[INFO GRT-0023] Grid origin: (0, 0)
[INFO GRT-0088] Layer li1     Track-Pitch = 0.4600  line-2-Via Pitch: 0.3400
[INFO GRT-0088] Layer met1    Track-Pitch = 0.3400  line-2-Via Pitch: 0.3400
[INFO GRT-0088] Layer met2    Track-Pitch = 0.4600  line-2-Via Pitch: 0.3500
[INFO GRT-0088] Layer met3    Track-Pitch = 0.6800  line-2-Via Pitch: 0.6150
[INFO GRT-0088] Layer met4    Track-Pitch = 0.9200  line-2-Via Pitch: 1.0400
[INFO GRT-0088] Layer met5    Track-Pitch = 3.4000  line-2-Via Pitch: 3.1100
[INFO GRT-0003] Macros: 0
[INFO GRT-0004] Blockages: 23996
[INFO GRT-0019] Found 157 clock nets.
[INFO GRT-0001] Minimum degree: 2
[INFO GRT-0002] Maximum degree: 197

[INFO GRT-0053] Routing resources analysis:
          Routing      Original      Derated      Resource
Layer     Direction    Resources     Resources    Reduction (%)
---------------------------------------------------------------
li1        Vertical            0             0          0.00%
met1       Horizontal      32376         24988          22.82%
met2       Vertical        33200         25500          23.19%
met3       Horizontal      24275         18963          21.88%
met4       Vertical        16400         11550          29.57%
met5       Horizontal       3550          2650          25.35%
---------------------------------------------------------------

[INFO GRT-0101] Running extra iterations to remove overflow.
[INFO GRT-0102] Start extra iteration 1/30
[INFO GRT-0197] Via related to pin nodes: 18646
[INFO GRT-0198] Via related Steiner nodes: 153
[INFO GRT-0199] Via filling finished.
[INFO GRT-0111] Final number of vias: 22652
[INFO GRT-0112] Final usage 3D: 78979

[INFO GRT-0096] Final congestion report:
Layer         Resource        Demand        Usage (%)    Max H / Max V / Total Overflow
---------------------------------------------------------------------------------------
li1                  0             0            0.00%             0 /  0 /  0
met1             24988          4901           19.61%             0 /  0 /  0
met2             25500          4939           19.37%             0 /  0 /  0
met3             18963           544            2.87%             0 /  0 /  0
met4             11550           639            5.53%             0 /  0 /  0
met5              2650             0            0.00%             0 /  0 /  0
---------------------------------------------------------------------------------------
Total            83651         11023           13.18%             0 /  0 /  0

[INFO GRT-0018] Total wirelength: 124717 um
[INFO GRT-0014] Routed nets: 4360
estimate_parasitics -global_routing
Perform buffer insertion and gate resizing...
repair_design -verbose
Iteration |   Area    | Resized | Buffers | Nets repaired | Remaining
---------------------------------------------------------------------
        0 |     +0.0% |       0 |       0 |             0 |      4484
       10 |     +0.0% |       0 |       0 |             0 |      4474
       20 |     +0.0% |       0 |       0 |             0 |      4464
       30 |     +0.0% |       0 |       0 |             0 |      4454
       40 |     +0.0% |       0 |       0 |             0 |      4444
       50 |     +0.0% |       0 |       0 |             0 |      4434
       60 |     +0.0% |       0 |       0 |             0 |      4424
       70 |     +0.0% |       0 |       0 |             0 |      4414
       80 |     +0.0% |       0 |       0 |             0 |      4404
       90 |     +0.0% |       0 |       0 |             0 |      4394
      100 |     +0.0% |       0 |       0 |             0 |      4384
      110 |     +0.0% |       0 |       0 |             0 |      4374
      120 |     +0.0% |       0 |       0 |             0 |      4364
      130 |     +0.0% |       0 |       0 |             0 |      4354
      140 |     +0.0% |       0 |       0 |             0 |      4344
      150 |     +0.0% |       0 |       0 |             0 |      4334
      160 |     +0.0% |       0 |       0 |             0 |      4324
      170 |     +0.0% |       0 |       0 |             0 |      4314
      180 |     +0.0% |       0 |       0 |             0 |      4304
      190 |     +0.0% |       0 |       0 |             0 |      4294
      200 |     +0.0% |       0 |       0 |             0 |      4284
      210 |     +0.0% |       0 |       0 |             0 |      4274
      220 |     +0.0% |       0 |       0 |             0 |      4264
      230 |     +0.0% |       0 |       0 |             0 |      4254
      240 |     +0.0% |       0 |       0 |             0 |      4244
      250 |     +0.0% |       0 |       0 |             0 |      4234
      260 |     +0.0% |       0 |       0 |             0 |      4224
      270 |     +0.0% |       0 |       0 |             0 |      4214
      280 |     +0.0% |       0 |       0 |             0 |      4204
      290 |     +0.0% |       0 |       0 |             0 |      4194
      300 |     +0.0% |       0 |       0 |             0 |      4184
      310 |     +0.0% |       0 |       0 |             0 |      4174
      320 |     +0.0% |       0 |       0 |             0 |      4164
      330 |     +0.0% |       0 |       0 |             0 |      4154
      340 |     +0.0% |       0 |       0 |             0 |      4144
      350 |     +0.0% |       0 |       0 |             0 |      4134
      360 |     +0.0% |       0 |       0 |             0 |      4124
      370 |     +0.0% |       0 |       0 |             0 |      4114
      380 |     +0.0% |       0 |       0 |             0 |      4104
      390 |     +0.0% |       0 |       0 |             0 |      4094
      400 |     +0.0% |       0 |       0 |             0 |      4084
      410 |     +0.0% |       0 |       0 |             0 |      4074
      420 |     +0.0% |       0 |       0 |             0 |      4064
      430 |     +0.0% |       0 |       0 |             0 |      4054
      440 |     +0.0% |       0 |       0 |             0 |      4044
      450 |     +0.0% |       0 |       0 |             0 |      4034
      460 |     +0.0% |       0 |       0 |             0 |      4024
      470 |     +0.0% |       0 |       0 |             0 |      4014
      480 |     +0.0% |       0 |       0 |             0 |      4004
      490 |     +0.0% |       0 |       0 |             0 |      3994
      500 |     +0.0% |       0 |       0 |             0 |      3984
      510 |     +0.0% |       0 |       0 |             0 |      3974
      520 |     +0.0% |       0 |       0 |             0 |      3964
      530 |     +0.0% |       0 |       0 |             0 |      3954
      540 |     +0.0% |       0 |       0 |             0 |      3944
      550 |     +0.0% |       0 |       0 |             0 |      3934
      560 |     +0.0% |       0 |       0 |             0 |      3924
      570 |     +0.0% |       0 |       0 |             0 |      3914
      580 |     +0.0% |       0 |       0 |             0 |      3904
      590 |     +0.0% |       0 |       0 |             0 |      3894
      600 |     +0.0% |       0 |       0 |             0 |      3884
      610 |     +0.0% |       0 |       0 |             0 |      3874
      620 |     +0.0% |       0 |       0 |             0 |      3864
      630 |     +0.0% |       0 |       0 |             0 |      3854
      640 |     +0.0% |       0 |       0 |             0 |      3844
      650 |     +0.0% |       0 |       0 |             0 |      3834
      660 |     +0.0% |       0 |       0 |             0 |      3824
      670 |     +0.0% |       0 |       0 |             0 |      3814
      680 |     +0.0% |       0 |       0 |             0 |      3804
      690 |     +0.0% |       0 |       0 |             0 |      3794
      700 |     +0.0% |       0 |       0 |             0 |      3784
      710 |     +0.0% |       0 |       0 |             0 |      3774
      720 |     +0.0% |       0 |       0 |             0 |      3764
      730 |     +0.0% |       0 |       0 |             0 |      3754
      740 |     +0.0% |       0 |       0 |             0 |      3744
      750 |     +0.0% |       0 |       0 |             0 |      3734
      760 |     +0.0% |       0 |       0 |             0 |      3724
      770 |     +0.0% |       0 |       0 |             0 |      3714
      780 |     +0.0% |       0 |       0 |             0 |      3704
      790 |     +0.0% |       0 |       0 |             0 |      3694
      800 |     +0.0% |       0 |       0 |             0 |      3684
      810 |     +0.0% |       0 |       0 |             0 |      3674
      820 |     +0.0% |       0 |       0 |             0 |      3664
      830 |     +0.0% |       0 |       0 |             0 |      3654
      840 |     +0.0% |       0 |       0 |             0 |      3644
      850 |     +0.0% |       0 |       0 |             0 |      3634
      860 |     +0.0% |       0 |       0 |             0 |      3624
      870 |     +0.0% |       0 |       0 |             0 |      3614
      880 |     +0.0% |       0 |       0 |             0 |      3604
      890 |     +0.0% |       0 |       0 |             0 |      3594
      900 |     +0.0% |       0 |       0 |             0 |      3584
      910 |     +0.0% |       0 |       0 |             0 |      3574
      920 |     +0.0% |       0 |       0 |             0 |      3564
      930 |     +0.0% |       0 |       0 |             0 |      3554
      940 |     +0.0% |       0 |       0 |             0 |      3544
      950 |     +0.0% |       0 |       0 |             0 |      3534
      960 |     +0.0% |       0 |       0 |             0 |      3524
      970 |     +0.0% |       0 |       0 |             0 |      3514
      980 |     +0.0% |       0 |       0 |             0 |      3504
      990 |     +0.0% |       0 |       0 |             0 |      3494
     1000 |     +0.0% |       0 |       0 |             0 |      3484
     1010 |     +0.0% |       0 |       0 |             0 |      3474
     1020 |     +0.0% |       0 |       0 |             0 |      3464
     1030 |     +0.0% |       0 |       0 |             0 |      3454
     1040 |     +0.0% |       0 |       0 |             0 |      3444
     1050 |     +0.0% |       0 |       0 |             0 |      3434
     1060 |     +0.0% |       0 |       0 |             0 |      3424
     1070 |     +0.0% |       0 |       0 |             0 |      3414
     1080 |     +0.0% |       0 |       0 |             0 |      3404
     1090 |     +0.0% |       0 |       0 |             0 |      3394
     1100 |     +0.0% |       0 |       0 |             0 |      3384
     1110 |     +0.0% |       0 |       0 |             0 |      3374
     1120 |     +0.0% |       0 |       0 |             0 |      3364
     1130 |     +0.0% |       0 |       0 |             0 |      3354
     1140 |     +0.0% |       0 |       0 |             0 |      3344
     1150 |     +0.0% |       0 |       0 |             0 |      3334
     1160 |     +0.0% |       0 |       0 |             0 |      3324
     1170 |     +0.0% |       0 |       0 |             0 |      3314
     1180 |     +0.0% |       0 |       0 |             0 |      3304
     1190 |     +0.0% |       0 |       0 |             0 |      3294
     1200 |     +0.0% |       0 |       0 |             0 |      3284
     1210 |     +0.0% |       0 |       0 |             0 |      3274
     1220 |     +0.0% |       0 |       0 |             0 |      3264
     1230 |     +0.0% |       0 |       0 |             0 |      3254
     1240 |     +0.0% |       0 |       0 |             0 |      3244
     1250 |     +0.0% |       0 |       0 |             0 |      3234
     1260 |     +0.0% |       0 |       0 |             0 |      3224
     1270 |     +0.0% |       0 |       0 |             0 |      3214
     1280 |     +0.0% |       0 |       0 |             0 |      3204
     1290 |     +0.0% |       0 |       0 |             0 |      3194
     1300 |     +0.0% |       0 |       0 |             0 |      3184
     1310 |     +0.0% |       0 |       0 |             0 |      3174
     1320 |     +0.0% |       0 |       0 |             0 |      3164
     1330 |     +0.0% |       0 |       0 |             0 |      3154
     1340 |     +0.0% |       0 |       0 |             0 |      3144
     1350 |     +0.0% |       0 |       0 |             0 |      3134
     1360 |     +0.0% |       0 |       0 |             0 |      3124
     1370 |     +0.0% |       0 |       0 |             0 |      3114
     1380 |     +0.0% |       0 |       0 |             0 |      3104
     1390 |     +0.0% |       0 |       0 |             0 |      3094
     1400 |     +0.0% |       0 |       0 |             0 |      3084
     1410 |     +0.0% |       0 |       0 |             0 |      3074
     1420 |     +0.0% |       0 |       0 |             0 |      3064
     1430 |     +0.0% |       0 |       0 |             0 |      3054
     1440 |     +0.0% |       0 |       0 |             0 |      3044
     1450 |     +0.0% |       0 |       0 |             0 |      3034
     1460 |     +0.0% |       0 |       0 |             0 |      3024
     1470 |     +0.0% |       0 |       0 |             0 |      3014
     1480 |     +0.0% |       0 |       0 |             0 |      3004
     1490 |     +0.0% |       0 |       0 |             0 |      2994
     1500 |     +0.0% |       0 |       0 |             0 |      2984
     1510 |     +0.0% |       0 |       0 |             0 |      2974
     1520 |     +0.0% |       0 |       0 |             0 |      2964
     1530 |     +0.0% |       0 |       0 |             0 |      2954
     1540 |     +0.0% |       0 |       0 |             0 |      2944
     1550 |     +0.0% |       0 |       0 |             0 |      2934
     1560 |     +0.0% |       0 |       0 |             0 |      2924
     1570 |     +0.0% |       0 |       0 |             0 |      2914
     1580 |     +0.0% |       0 |       0 |             0 |      2904
     1590 |     +0.0% |       0 |       0 |             0 |      2894
     1600 |     +0.0% |       0 |       0 |             0 |      2884
     1610 |     +0.0% |       0 |       0 |             0 |      2874
     1620 |     +0.0% |       0 |       0 |             0 |      2864
     1630 |     +0.0% |       0 |       0 |             0 |      2854
     1640 |     +0.0% |       0 |       0 |             0 |      2844
     1650 |     +0.0% |       0 |       0 |             0 |      2834
     1660 |     +0.0% |       0 |       0 |             0 |      2824
     1670 |     +0.0% |       0 |       0 |             0 |      2814
     1680 |     +0.0% |       0 |       0 |             0 |      2804
     1690 |     +0.0% |       0 |       0 |             0 |      2794
     1700 |     +0.0% |       0 |       0 |             0 |      2784
     1710 |     +0.0% |       0 |       0 |             0 |      2774
     1720 |     +0.0% |       0 |       0 |             0 |      2764
     1730 |     +0.0% |       0 |       0 |             0 |      2754
     1740 |     +0.0% |       0 |       0 |             0 |      2744
     1750 |     +0.0% |       0 |       0 |             0 |      2734
     1760 |     +0.0% |       0 |       0 |             0 |      2724
     1770 |     +0.0% |       0 |       0 |             0 |      2714
     1780 |     +0.0% |       0 |       0 |             0 |      2704
     1790 |     +0.0% |       0 |       0 |             0 |      2694
     1800 |     +0.0% |       0 |       0 |             0 |      2684
     1810 |     +0.0% |       0 |       0 |             0 |      2674
     1820 |     +0.0% |       0 |       0 |             0 |      2664
     1830 |     +0.0% |       0 |       0 |             0 |      2654
     1840 |     +0.0% |       0 |       0 |             0 |      2644
     1850 |     +0.0% |       0 |       0 |             0 |      2634
     1860 |     +0.0% |       0 |       0 |             0 |      2624
     1870 |     +0.0% |       0 |       0 |             0 |      2614
     1880 |     +0.0% |       0 |       0 |             0 |      2604
     1890 |     +0.0% |       0 |       0 |             0 |      2594
     1900 |     +0.0% |       0 |       0 |             0 |      2584
     1910 |     +0.0% |       0 |       0 |             0 |      2574
     1920 |     +0.0% |       0 |       0 |             0 |      2564
     1930 |     +0.0% |       0 |       0 |             0 |      2554
     1940 |     +0.0% |       0 |       0 |             0 |      2544
     1950 |     +0.0% |       0 |       0 |             0 |      2534
     1960 |     +0.0% |       0 |       0 |             0 |      2524
     1970 |     +0.0% |       0 |       0 |             0 |      2514
     1980 |     +0.0% |       0 |       0 |             0 |      2504
     1990 |     +0.0% |       0 |       0 |             0 |      2494
     2000 |     +0.0% |       0 |       0 |             0 |      2484
     2010 |     +0.0% |       0 |       0 |             0 |      2474
     2020 |     +0.0% |       0 |       0 |             0 |      2464
     2030 |     +0.0% |       0 |       0 |             0 |      2454
     2040 |     +0.0% |       0 |       0 |             0 |      2444
     2050 |     +0.0% |       0 |       0 |             0 |      2434
     2060 |     +0.0% |       0 |       0 |             0 |      2424
     2070 |     +0.0% |       0 |       0 |             0 |      2414
     2080 |     +0.0% |       0 |       0 |             0 |      2404
     2090 |     +0.0% |       0 |       0 |             0 |      2394
     2100 |     +0.0% |       0 |       0 |             0 |      2384
     2110 |     +0.0% |       0 |       0 |             0 |      2374
     2120 |     +0.0% |       0 |       0 |             0 |      2364
     2130 |     +0.0% |       0 |       0 |             0 |      2354
     2140 |     +0.0% |       0 |       0 |             0 |      2344
     2150 |     +0.0% |       0 |       0 |             0 |      2334
     2160 |     +0.0% |       0 |       0 |             0 |      2324
     2170 |     +0.0% |       0 |       0 |             0 |      2314
     2180 |     +0.0% |       0 |       0 |             0 |      2304
     2190 |     +0.0% |       0 |       0 |             0 |      2294
     2200 |     +0.0% |       0 |       0 |             0 |      2284
     2210 |     +0.0% |       0 |       0 |             0 |      2274
     2220 |     +0.0% |       0 |       0 |             0 |      2264
     2230 |     +0.0% |       0 |       0 |             0 |      2254
     2240 |     +0.0% |       0 |       0 |             0 |      2244
     2250 |     +0.0% |       0 |       0 |             0 |      2234
     2260 |     +0.0% |       0 |       0 |             0 |      2224
     2270 |     +0.0% |       0 |       0 |             0 |      2214
     2280 |     +0.0% |       0 |       0 |             0 |      2204
     2290 |     +0.0% |       0 |       0 |             0 |      2194
     2300 |     +0.0% |       0 |       0 |             0 |      2184
     2310 |     +0.0% |       0 |       0 |             0 |      2174
     2320 |     +0.0% |       0 |       0 |             0 |      2164
     2330 |     +0.0% |       0 |       0 |             0 |      2154
     2340 |     +0.0% |       0 |       0 |             0 |      2144
     2350 |     +0.0% |       0 |       0 |             0 |      2134
     2360 |     +0.0% |       0 |       0 |             0 |      2124
     2370 |     +0.0% |       0 |       0 |             0 |      2114
     2380 |     +0.0% |       0 |       0 |             0 |      2104
     2390 |     +0.0% |       0 |       0 |             0 |      2094
     2400 |     +0.0% |       0 |       0 |             0 |      2084
     2410 |     +0.0% |       0 |       0 |             0 |      2074
     2420 |     +0.0% |       0 |       0 |             0 |      2064
     2430 |     +0.0% |       0 |       0 |             0 |      2054
     2440 |     +0.0% |       0 |       0 |             0 |      2044
     2450 |     +0.0% |       0 |       0 |             0 |      2034
     2460 |     +0.0% |       0 |       0 |             0 |      2024
     2470 |     +0.0% |       0 |       0 |             0 |      2014
     2480 |     +0.0% |       0 |       0 |             0 |      2004
     2490 |     +0.0% |       0 |       0 |             0 |      1994
     2500 |     +0.0% |       0 |       0 |             0 |      1984
     2510 |     +0.0% |       0 |       0 |             0 |      1974
     2520 |     +0.0% |       0 |       0 |             0 |      1964
     2530 |     +0.0% |       0 |       0 |             0 |      1954
     2540 |     +0.0% |       0 |       0 |             0 |      1944
     2550 |     +0.0% |       0 |       0 |             0 |      1934
     2560 |     +0.0% |       0 |       0 |             0 |      1924
     2570 |     +0.0% |       0 |       0 |             0 |      1914
     2580 |     +0.0% |       0 |       0 |             0 |      1904
     2590 |     +0.0% |       0 |       0 |             0 |      1894
     2600 |     +0.0% |       0 |       0 |             0 |      1884
     2610 |     +0.0% |       0 |       0 |             0 |      1874
     2620 |     +0.0% |       0 |       0 |             0 |      1864
     2630 |     +0.0% |       0 |       0 |             0 |      1854
     2640 |     +0.0% |       0 |       0 |             0 |      1844
     2650 |     +0.0% |       0 |       0 |             0 |      1834
     2660 |     +0.0% |       0 |       0 |             0 |      1824
     2670 |     +0.0% |       0 |       0 |             0 |      1814
     2680 |     +0.0% |       0 |       0 |             0 |      1804
     2690 |     +0.0% |       0 |       0 |             0 |      1794
     2700 |     +0.0% |       0 |       0 |             0 |      1784
     2710 |     +0.0% |       0 |       0 |             0 |      1774
     2720 |     +0.0% |       0 |       0 |             0 |      1764
     2730 |     +0.0% |       0 |       0 |             0 |      1754
     2740 |     +0.0% |       0 |       0 |             0 |      1744
     2750 |     +0.0% |       0 |       0 |             0 |      1734
     2760 |     +0.0% |       0 |       0 |             0 |      1724
     2770 |     +0.0% |       0 |       0 |             0 |      1714
     2780 |     +0.0% |       0 |       0 |             0 |      1704
     2790 |     +0.0% |       0 |       0 |             0 |      1694
     2800 |     +0.0% |       0 |       0 |             0 |      1684
     2810 |     +0.0% |       0 |       0 |             0 |      1674
     2820 |     +0.0% |       0 |       0 |             0 |      1664
     2830 |     +0.0% |       0 |       0 |             0 |      1654
     2840 |     +0.0% |       0 |       0 |             0 |      1644
     2850 |     +0.0% |       0 |       0 |             0 |      1634
     2860 |     +0.0% |       0 |       0 |             0 |      1624
     2870 |     +0.0% |       0 |       0 |             0 |      1614
     2880 |     +0.0% |       0 |       0 |             0 |      1604
     2890 |     +0.0% |       0 |       0 |             0 |      1594
     2900 |     +0.0% |       0 |       0 |             0 |      1584
     2910 |     +0.0% |       0 |       0 |             0 |      1574
     2920 |     +0.0% |       0 |       0 |             0 |      1564
     2930 |     +0.0% |       0 |       0 |             0 |      1554
     2940 |     +0.0% |       0 |       0 |             0 |      1544
     2950 |     +0.0% |       0 |       0 |             0 |      1534
     2960 |     +0.0% |       0 |       0 |             0 |      1524
     2970 |     +0.0% |       0 |       0 |             0 |      1514
     2980 |     +0.0% |       0 |       0 |             0 |      1504
     2990 |     +0.0% |       0 |       0 |             0 |      1494
     3000 |     +0.0% |       0 |       0 |             0 |      1484
     3010 |     +0.0% |       0 |       0 |             0 |      1474
     3020 |     +0.0% |       0 |       0 |             0 |      1464
     3030 |     +0.0% |       0 |       0 |             0 |      1454
     3040 |     +0.0% |       0 |       0 |             0 |      1444
     3050 |     +0.0% |       0 |       0 |             0 |      1434
     3060 |     +0.0% |       0 |       0 |             0 |      1424
     3070 |     +0.0% |       0 |       0 |             0 |      1414
     3080 |     +0.0% |       0 |       0 |             0 |      1404
     3090 |     +0.0% |       0 |       0 |             0 |      1394
     3100 |     +0.0% |       0 |       0 |             0 |      1384
     3110 |     +0.0% |       0 |       0 |             0 |      1374
     3120 |     +0.0% |       0 |       0 |             0 |      1364
     3130 |     +0.0% |       0 |       0 |             0 |      1354
     3140 |     +0.0% |       0 |       0 |             0 |      1344
     3150 |     +0.0% |       0 |       0 |             0 |      1334
     3160 |     +0.0% |       0 |       0 |             0 |      1324
     3170 |     +0.0% |       0 |       0 |             0 |      1314
     3180 |     +0.0% |       0 |       0 |             0 |      1304
     3190 |     +0.0% |       0 |       0 |             0 |      1294
     3200 |     +0.0% |       0 |       0 |             0 |      1284
     3210 |     +0.0% |       0 |       0 |             0 |      1274
     3220 |     +0.0% |       0 |       0 |             0 |      1264
     3230 |     +0.0% |       0 |       0 |             0 |      1254
     3240 |     +0.0% |       0 |       0 |             0 |      1244
     3250 |     +0.0% |       0 |       0 |             0 |      1234
     3260 |     +0.0% |       0 |       0 |             0 |      1224
     3270 |     +0.0% |       0 |       0 |             0 |      1214
     3280 |     +0.0% |       0 |       0 |             0 |      1204
     3290 |     +0.0% |       0 |       0 |             0 |      1194
     3300 |     +0.0% |       0 |       0 |             0 |      1184
     3310 |     +0.0% |       0 |       0 |             0 |      1174
     3320 |     +0.0% |       0 |       0 |             0 |      1164
     3330 |     +0.0% |       0 |       0 |             0 |      1154
     3340 |     +0.0% |       0 |       0 |             0 |      1144
     3350 |     +0.0% |       0 |       0 |             0 |      1134
     3360 |     +0.0% |       0 |       0 |             0 |      1124
     3370 |     +0.0% |       0 |       0 |             0 |      1114
     3380 |     +0.0% |       0 |       0 |             0 |      1104
     3390 |     +0.0% |       0 |       0 |             0 |      1094
     3400 |     +0.0% |       0 |       0 |             0 |      1084
     3410 |     +0.0% |       0 |       0 |             0 |      1074
     3420 |     +0.0% |       0 |       0 |             0 |      1064
     3430 |     +0.0% |       0 |       0 |             0 |      1054
     3440 |     +0.0% |       0 |       0 |             0 |      1044
     3450 |     +0.0% |       0 |       0 |             0 |      1034
     3460 |     +0.0% |       0 |       0 |             0 |      1024
     3470 |     +0.0% |       0 |       0 |             0 |      1014
     3480 |     +0.0% |       0 |       0 |             0 |      1004
     3490 |     +0.0% |       0 |       0 |             0 |       994
     3500 |     +0.0% |       0 |       0 |             0 |       984
     3510 |     +0.0% |       0 |       0 |             0 |       974
     3520 |     +0.0% |       0 |       0 |             0 |       964
     3530 |     +0.0% |       0 |       0 |             0 |       954
     3540 |     +0.0% |       0 |       0 |             0 |       944
     3550 |     +0.0% |       0 |       0 |             0 |       934
     3560 |     +0.0% |       0 |       0 |             0 |       924
     3570 |     +0.0% |       0 |       0 |             0 |       914
     3580 |     +0.0% |       0 |       0 |             0 |       904
     3590 |     +0.0% |       0 |       0 |             0 |       894
     3600 |     +0.0% |       0 |       0 |             0 |       884
     3610 |     +0.0% |       0 |       0 |             0 |       874
     3620 |     +0.0% |       0 |       0 |             0 |       864
     3630 |     +0.0% |       0 |       0 |             0 |       854
     3640 |     +0.0% |       0 |       0 |             0 |       844
     3650 |     +0.0% |       0 |       0 |             0 |       834
     3660 |     +0.0% |       0 |       0 |             0 |       824
     3670 |     +0.0% |       0 |       0 |             0 |       814
     3680 |     +0.0% |       0 |       0 |             0 |       804
     3690 |     +0.0% |       0 |       0 |             0 |       794
     3700 |     +0.0% |       0 |       0 |             0 |       784
     3710 |     +0.0% |       0 |       0 |             0 |       774
     3720 |     +0.0% |       0 |       0 |             0 |       764
     3730 |     +0.0% |       0 |       0 |             0 |       754
     3740 |     +0.0% |       0 |       0 |             0 |       744
     3750 |     +0.0% |       0 |       0 |             0 |       734
     3760 |     +0.0% |       0 |       0 |             0 |       724
     3770 |     +0.0% |       0 |       0 |             0 |       714
     3780 |     +0.0% |       0 |       0 |             0 |       704
     3790 |     +0.0% |       0 |       0 |             0 |       694
     3800 |     +0.0% |       0 |       0 |             0 |       684
     3810 |     +0.0% |       0 |       0 |             0 |       674
     3820 |     +0.0% |       0 |       0 |             0 |       664
     3830 |     +0.0% |       0 |       0 |             0 |       654
     3840 |     +0.0% |       0 |       0 |             0 |       644
     3850 |     +0.0% |       0 |       0 |             0 |       634
     3860 |     +0.0% |       0 |       0 |             0 |       624
     3870 |     +0.0% |       0 |       0 |             0 |       614
     3880 |     +0.0% |       0 |       0 |             0 |       604
     3890 |     +0.0% |       0 |       0 |             0 |       594
     3900 |     +0.0% |       0 |       0 |             0 |       584
     3910 |     +0.0% |       0 |       0 |             0 |       574
     3920 |     +0.0% |       0 |       0 |             0 |       564
     3930 |     +0.0% |       0 |       0 |             0 |       554
     3940 |     +0.0% |       0 |       0 |             0 |       544
     3950 |     +0.0% |       0 |       0 |             0 |       534
     3960 |     +0.0% |       0 |       0 |             0 |       524
     3970 |     +0.0% |       0 |       0 |             0 |       514
     3980 |     +0.0% |       0 |       0 |             0 |       504
     3990 |     +0.0% |       0 |       0 |             0 |       494
     4000 |     +0.0% |       0 |       0 |             0 |       484
     4010 |     +0.0% |       0 |       0 |             0 |       474
     4020 |     +0.0% |       0 |       0 |             0 |       464
     4030 |     +0.0% |       0 |       0 |             0 |       454
     4040 |     +0.0% |       0 |       0 |             0 |       444
     4050 |     +0.0% |       0 |       0 |             0 |       434
     4060 |     +0.0% |       0 |       0 |             0 |       424
     4070 |     +0.0% |       0 |       0 |             0 |       414
     4080 |     +0.0% |       0 |       0 |             0 |       404
     4090 |     +0.0% |       0 |       0 |             0 |       394
     4100 |     +0.0% |       0 |       0 |             0 |       384
     4110 |     +0.0% |       0 |       0 |             0 |       374
     4120 |     +0.0% |       0 |       0 |             0 |       364
     4130 |     +0.0% |       0 |       0 |             0 |       354
     4140 |     +0.0% |       0 |       0 |             0 |       344
     4150 |     +0.0% |       0 |       0 |             0 |       334
     4160 |     +0.0% |       0 |       0 |             0 |       324
     4170 |     +0.0% |       0 |       0 |             0 |       314
     4180 |     +0.0% |       0 |       0 |             0 |       304
     4190 |     +0.0% |       0 |       0 |             0 |       294
     4200 |     +0.0% |       0 |       0 |             0 |       284
     4210 |     +0.0% |       0 |       0 |             0 |       274
     4220 |     +0.0% |       0 |       0 |             0 |       264
     4230 |     +0.0% |       0 |       0 |             0 |       254
     4240 |     +0.0% |       0 |       0 |             0 |       244
     4250 |     +0.0% |       0 |       0 |             0 |       234
     4260 |     +0.0% |       0 |       0 |             0 |       224
     4270 |     +0.0% |       0 |       0 |             0 |       214
     4280 |     +0.0% |       0 |       0 |             0 |       204
     4290 |     +0.0% |       0 |       0 |             0 |       194
     4300 |     +0.0% |       0 |       0 |             0 |       184
     4310 |     +0.0% |       0 |       0 |             0 |       174
     4320 |     +0.0% |       0 |       0 |             0 |       164
     4330 |     +0.0% |       0 |       0 |             0 |       154
     4340 |     +0.0% |       0 |       0 |             0 |       144
     4350 |     +0.0% |       0 |       0 |             0 |       134
     4360 |     +0.0% |       0 |       0 |             0 |       124
     4370 |     +0.0% |       0 |       0 |             0 |       114
     4380 |     +0.0% |       0 |       0 |             0 |       104
     4390 |     +0.0% |       0 |       0 |             0 |        94
     4400 |     +0.0% |       0 |       0 |             0 |        84
     4410 |     +0.0% |       0 |       0 |             0 |        74
     4420 |     +0.0% |       0 |       0 |             0 |        64
     4430 |     +0.0% |       0 |       0 |             0 |        54
     4440 |     +0.0% |       0 |       0 |             0 |        44
     4450 |     +0.0% |       0 |       0 |             0 |        34
     4460 |     +0.0% |       0 |       0 |             0 |        24
     4470 |     +0.0% |       0 |       0 |             0 |        14
     4480 |     +0.0% |       0 |       0 |             0 |         4
    final |     +0.0% |       0 |       0 |             0 |         0
---------------------------------------------------------------------
global_route -start_incremental
detailed_placement
Placement Analysis
---------------------------------
total displacement          0.0 u
average displacement        0.0 u
max displacement            0.0 u
original HPWL           61020.3 u
legalized HPWL          61020.3 u
delta HPWL                    0 %

global_route -end_incremental -congestion_report_file ./reports/sky130hd/adder64_pipelined/base/congestion_post_repair_design.rpt
Repair setup and hold violations...
estimate_parasitics -global_routing
repair_timing -setup_margin 0 -hold_margin 0 -repair_tns 100 -verbose
[INFO RSZ-0100] Repair move sequence: UnbufferMove SizeUpMove SwapPinsMove BufferMove CloneMove SplitLoadMove 
[INFO RSZ-0098] No setup violations found
[INFO RSZ-0033] No hold violations found.
global_route -start_incremental
detailed_placement
Placement Analysis
---------------------------------
total displacement          0.0 u
average displacement        0.0 u
max displacement            0.0 u
original HPWL           61020.3 u
legalized HPWL          61020.3 u
delta HPWL                    0 %

global_route -end_incremental -congestion_report_file ./reports/sky130hd/adder64_pipelined/base/congestion_post_repair_timing.rpt
global_route -start_incremental
global_route -end_incremental -congestion_report_file ./reports/sky130hd/adder64_pipelined/base/congestion_post_recover_power.rpt
Repair antennas...
[INFO GRT-0012] Found 21 antenna violations.
[INFO GRT-0302] Inserted 10 jumpers for 10 nets.
[INFO GRT-0012] Found 11 antenna violations.
[INFO GRT-0015] Inserted 11 diodes.
[INFO GRT-0012] Found 0 antenna violations.
[INFO ANT-0002] Found 0 net violations.
[INFO ANT-0001] Found 0 pin violations.
Estimate parasitics...
estimate_parasitics -global_routing
Report metrics stage 5, global route...

==========================================================================
global route report_design_area
--------------------------------------------------------------------------
Design area 55738 um^2 46% utilization.
[INFO FLW-0007] clock core_clock period 2.000000
[INFO FLW-0008] Clock core_clock period 1.536
[INFO FLW-0009] Clock core_clock slack 0.383
[INFO FLW-0011] Path endpoint path count 1914
write_db ./results/sky130hd/adder64_pipelined/base/5_1_grt.odb
write_sdc -no_timestamp ./results/sky130hd/adder64_pipelined/base/5_1_grt.sdc
Elapsed time: 1:01.93[h:]min:sec. CPU time: user 217.13 sys 1.16 (352%). Peak memory: 301032KB.
Log                        Elapsed/s Peak Memory/MB  sha1sum .odb [0:20)
5_1_grt                           61            293 8dcaee6fdb5f20ead14d
