OpenROAD 24Q3-12208-gbbf699543a 
Features included (+) or not (-): +GPU +GUI +Python
This program is licensed under the BSD-3 license. See the LICENSE file for details.
Components of this program may be licensed under more restrictive licenses which must be honored.
[INFO ORD-0030] Using 4 thread(s).
read_liberty /workspaces/ece4203_code/openroad_flow/platforms/sky130hd/lib/sky130_fd_sc_hd__tt_025C_1v80.lib
read_db ./results/sky130hd/adder64_pipelined/base/6_1_fill.odb
source /workspaces/ece4203_code/openroad_flow/platforms/sky130hd/setRC.tcl
write_db ./results/sky130hd/adder64_pipelined/base/6_final.odb
Deleted 0 routing obstructions
[INFO RCX-0431] Defined process_corner X with ext_model_index 0
[INFO RCX-0029] Defined extraction corner X
[INFO RCX-0435] Reading extraction model file /workspaces/ece4203_code/openroad_flow/platforms/sky130hd/rcx_patterns.rules ...
[INFO RCX-0436] RC segment generation adder64_pipelined (max_merge_res 50.0) ...
[INFO RCX-0040] Final 13833 rc segments
[INFO RCX-0439] Coupling Cap extraction adder64_pipelined ...
[INFO RCX-0440] Coupling threshhold is 0.1000 fF, coupling capacitance less than 0.1000 fF will be grounded.
[INFO RCX-0442] 59% of 25463 wires extracted
[INFO RCX-0442] 100% of 25463 wires extracted
[INFO RCX-0045] Extract 4360 nets, 18193 rsegs, 18193 caps, 17573 ccs
[INFO RCX-0443] 4360 nets finished
[INFO PSM-0040] All shapes on net VDD are connected.
########## IR report #################
Net              : VDD
Corner           : default
Total power      : 6.52e-02 W
Supply voltage   : 1.80e+00 V
Worstcase voltage: 1.80e+00 V
Average voltage  : 1.80e+00 V
Average IR drop  : 1.11e-04 V
Worstcase IR drop: 8.91e-04 V
Percentage drop  : 0.05 %
######################################
[INFO PSM-0040] All shapes on net VSS are connected.
########## IR report #################
Net              : VSS
Corner           : default
Total power      : 6.52e-02 W
Supply voltage   : 0.00e+00 V
Worstcase voltage: 5.98e-04 V
Average voltage  : 9.58e-05 V
Average IR drop  : 9.58e-05 V
Worstcase IR drop: 5.98e-04 V
Percentage drop  : 0.03 %
######################################
Cell type report:                       Count       Area
  Fill cell                             10753   64262.88
  Tap cell                               1625    2033.20
  Antenna cell                             12      30.03
  Clock buffer                            232    4626.94
  Timing Repair Buffer                    212    2109.52
  Inverter                                  1       3.75
  Clock inverter                           48     536.76
  Sequential cell                        1714   34312.91
  Multi-Input combinational cell         2146   14121.04
  Total                                 16743  122037.04
Report metrics stage 6, finish...

==========================================================================
finish report_design_area
--------------------------------------------------------------------------
Design area 55741 um^2 46% utilization.
[WARNING GUI-0076] QStandardPaths: XDG_RUNTIME_DIR not set, defaulting to '/tmp/runtime-user'
Elapsed time: 0:06.10[h:]min:sec. CPU time: user 6.20 sys 0.84 (115%). Peak memory: 344124KB.
Log                        Elapsed/s Peak Memory/MB  sha1sum .odb [0:20)
6_report                           6            336                  N/A
